/sw/easybuild_milan/software/Anaconda3/2024.02-1/lib/python3.11/site-packages/sklearn/feature_selection/_univariate_selection.py:112: UserWarning: Features [1168] are constant.
  warnings.warn("Features %s are constant." % constant_features_idx, UserWarning)
/sw/easybuild_milan/software/Anaconda3/2024.02-1/lib/python3.11/site-packages/sklearn/feature_selection/_univariate_selection.py:113: RuntimeWarning: invalid value encountered in divide
  f = msb / msw
Feature 0: 0.131583
Feature 1: 1.211850
Feature 2: 1.781794
Feature 3: 5.018097
Feature 4: 4.860958
Feature 5: 4.540203
Feature 6: 4.215929
Feature 7: 5.072836
Feature 8: 4.835213
Feature 9: 5.043135
Feature 10: 8.924908
Feature 11: 5.672323
Feature 12: 5.170799
Feature 13: 1.261644
Feature 14: 1.882248
Feature 15: 0.131583
Feature 16: 0.591267
Feature 17: 0.962816
Feature 18: 5.513460
Feature 19: 1.380062
Feature 20: 0.514009
Feature 21: 0.574197
Feature 22: 1.646520
Feature 23: 1.463913
Feature 24: 7.947340
Feature 25: 11.290537
Feature 26: 9.470147
Feature 27: 12.873122
Feature 28: 1.097632
Feature 29: 17.708991
Feature 30: 2.924270
Feature 31: 2.936152
Feature 32: 7.153759
Feature 33: 11.209226
Feature 34: 23.184093
Feature 35: 21.776116
Feature 36: 3.958973
Feature 37: 5.191826
Feature 38: 13.766910
Feature 39: 11.915873
Feature 40: 16.191550
Feature 41: 2.493876
Feature 42: 17.877813
Feature 43: 12.195055
Feature 44: 9.526211
Feature 45: 2.068675
Feature 46: 4.109751
Feature 47: 5.379846
Feature 48: 6.653084
Feature 49: 6.986308
Feature 50: 40.765168
Feature 51: 4.032751
Feature 52: 4.889012
Feature 53: 1.471469
Feature 54: 0.920828
Feature 55: 1.161335
Feature 56: 1.088312
Feature 57: 2.060072
Feature 58: 0.967282
Feature 59: 0.346396
Feature 60: 3.636294
Feature 61: 1.104301
Feature 62: 0.317540
Feature 63: 0.077253
Feature 64: 8.561781
Feature 65: 0.297099
Feature 66: 0.364531
Feature 67: 2.380095
Feature 68: 2.838038
Feature 69: 6.180952
Feature 70: 0.608817
Feature 71: 0.757299
Feature 72: 6.484409
Feature 73: 5.660150
Feature 74: 5.340501
Feature 75: 6.964603
Feature 76: 2.168759
Feature 77: 0.237256
Feature 78: 0.519663
Feature 79: 0.107176
Feature 80: 0.143758
Feature 81: 0.089247
Feature 82: 0.077253
Feature 83: 0.077297
Feature 84: 14.383251
Feature 85: 14.789322
Feature 86: 3.858057
Feature 87: 4.005492
Feature 88: 1.057115
Feature 89: 4.055140
Feature 90: 3.008370
Feature 91: 4.729522
Feature 92: 3.677979
Feature 93: 1.316435
Feature 94: 0.258054
Feature 95: 0.954008
Feature 96: 3.683896
Feature 97: 4.856544
Feature 98: 3.365456
Feature 99: 2.148490
Feature 100: 2.872635
Feature 101: 1.496129
Feature 102: 4.769186
Feature 103: 5.158639
Feature 104: 2.811505
Feature 105: 0.267676
Feature 106: 15.251434
Feature 107: 7.057390
Feature 108: 14.220393
Feature 109: 12.595437
Feature 110: 13.269155
Feature 111: 12.087649
Feature 112: 1.729124
Feature 113: 5.495970
Feature 114: 2.857533
Feature 115: 1.433721
Feature 116: 0.573929
Feature 117: 1.634064
Feature 118: 2.061637
Feature 119: 1.696869
Feature 120: 3.492370
Feature 121: 2.812317
Feature 122: 4.085001
Feature 123: 5.195610
Feature 124: 16.527357
Feature 125: 1.851101
Feature 126: 5.259368
Feature 127: 2.259019
Feature 128: 0.837974
Feature 129: 0.296517
Feature 130: 0.409241
Feature 131: 0.205144
Feature 132: 0.077253
Feature 133: 0.225406
Feature 134: 0.272737
Feature 135: 0.427604
Feature 136: 5.727074
Feature 137: 5.729422
Feature 138: 5.434831
Feature 139: 5.186834
Feature 140: 0.940483
Feature 141: 1.821383
Feature 142: 0.465316
Feature 143: 2.077425
Feature 144: 0.932471
Feature 145: 0.098941
Feature 146: 0.742470
Feature 147: 1.952675
Feature 148: 0.862430
Feature 149: 0.285848
Feature 150: 0.440629
Feature 151: 3.697157
Feature 152: 1.599625
Feature 153: 3.301387
Feature 154: 3.945303
Feature 155: 0.806199
Feature 156: 1.696482
Feature 157: 5.063960
Feature 158: 1.744696
Feature 159: 0.160871
Feature 160: 5.128575
Feature 161: 0.279994
Feature 162: 6.224607
Feature 163: 11.881841
Feature 164: 0.210842
Feature 165: 1.062597
Feature 166: 4.061796
Feature 167: 0.759800
Feature 168: 0.801099
Feature 169: 2.044445
Feature 170: 0.891032
Feature 171: 4.762690
Feature 172: 4.645083
Feature 173: 0.253023
Feature 174: 1.978320
Feature 175: 4.351661
Feature 176: 7.464370
Feature 177: 26.022730
Feature 178: 8.777235
Feature 179: 0.363041
Feature 180: 0.736987
Feature 181: 0.987829
Feature 182: 0.750446
Feature 183: 13.380510
Feature 184: 6.530224
Feature 185: 3.321090
Feature 186: 3.962890
Feature 187: 17.077676
Feature 188: 14.877835
Feature 189: 0.111824
Feature 190: 0.669441
Feature 191: 0.461552
Feature 192: 0.098941
Feature 193: 1.471117
Feature 194: 0.546900
Feature 195: 6.526927
Feature 196: 6.976284
Feature 197: 4.249383
Feature 198: 5.122434
Feature 199: 7.319526
Feature 200: 5.061261
Feature 201: 4.838850
Feature 202: 0.148777
Feature 203: 0.972411
Feature 204: 1.885362
Feature 205: 0.379416
Feature 206: 1.136555
Feature 207: 0.732168
Feature 208: 0.077253
Feature 209: 0.760888
Feature 210: 0.468197
Feature 211: 10.687601
Feature 212: 1.722275
Feature 213: 2.546485
Feature 214: 13.060225
Feature 215: 17.441042
Feature 216: 15.745813
Feature 217: 15.542321
Feature 218: 13.026534
Feature 219: 14.637671
Feature 220: 2.764205
Feature 221: 2.583975
Feature 222: 2.518672
Feature 223: 11.882583
Feature 224: 10.253697
Feature 225: 5.686016
Feature 226: 2.778243
Feature 227: 11.949985
Feature 228: 12.214172
Feature 229: 8.889412
Feature 230: 2.708523
Feature 231: 9.219852
Feature 232: 2.477690
Feature 233: 1.165603
Feature 234: 1.202308
Feature 235: 2.939677
Feature 236: 1.183381
Feature 237: 7.817692
Feature 238: 6.066557
Feature 239: 1.439290
Feature 240: 1.948634
Feature 241: 3.138376
Feature 242: 0.260050
Feature 243: 1.292367
Feature 244: 3.566463
Feature 245: 2.169063
Feature 246: 1.426355
Feature 247: 13.456335
Feature 248: 5.161308
Feature 249: 0.077253
Feature 250: 7.065368
Feature 251: 19.072751
Feature 252: 4.673049
Feature 253: 8.779305
Feature 254: 4.538050
Feature 255: 18.100175
Feature 256: 2.220878
Feature 257: 12.095415
Feature 258: 0.827107
Feature 259: 6.900231
Feature 260: 9.929734
Feature 261: 1.393455
Feature 262: 5.744266
Feature 263: 1.243207
Feature 264: 2.813678
Feature 265: 8.673421
Feature 266: 2.208000
Feature 267: 0.725801
Feature 268: 4.418686
Feature 269: 1.696233
Feature 270: 2.521209
Feature 271: 12.309343
Feature 272: 0.263812
Feature 273: 10.653144
Feature 274: 0.300462
Feature 275: 3.166363
Feature 276: 3.031223
Feature 277: 0.077253
Feature 278: 5.318316
Feature 279: 7.146479
Feature 280: 15.312460
Feature 281: 17.692963
Feature 282: 14.110254
Feature 283: 9.976787
Feature 284: 4.974122
Feature 285: 5.200539
Feature 286: 0.491396
Feature 287: 0.407853
Feature 288: 1.904904
Feature 289: 8.799157
Feature 290: 9.470235
Feature 291: 1.397768
Feature 292: 0.737780
Feature 293: 3.053133
Feature 294: 5.158453
Feature 295: 0.893838
Feature 296: 0.452992
Feature 297: 1.051619
Feature 298: 1.771265
Feature 299: 2.239705
Feature 300: 1.855232
Feature 301: 2.527285
Feature 302: 2.144748
Feature 303: 1.119117
Feature 304: 2.840125
Feature 305: 1.961297
Feature 306: 0.806199
Feature 307: 2.879984
Feature 308: 1.070663
Feature 309: 1.952258
Feature 310: 2.337278
Feature 311: 1.348639
Feature 312: 1.791060
Feature 313: 2.541296
Feature 314: 0.592800
Feature 315: 3.433386
Feature 316: 1.525879
Feature 317: 0.848555
Feature 318: 6.234310
Feature 319: 1.642376
Feature 320: 1.183474
Feature 321: 2.620297
Feature 322: 0.482227
Feature 323: 0.139228
Feature 324: 0.258054
Feature 325: 0.258054
Feature 326: 1.403813
Feature 327: 2.588949
Feature 328: 4.673049
Feature 329: 3.370012
Feature 330: 3.766012
Feature 331: 0.831748
Feature 332: 0.537538
Feature 333: 0.786795
Feature 334: 0.884926
Feature 335: 1.326770
Feature 336: 1.424122
Feature 337: 1.726108
Feature 338: 0.630504
Feature 339: 1.260907
Feature 340: 3.088608
Feature 341: 0.343358
Feature 342: 3.550574
Feature 343: 1.821958
Feature 344: 0.796785
Feature 345: 0.805860
Feature 346: 4.000000
Feature 347: 0.855414
Feature 348: 0.912819
Feature 349: 10.166667
Feature 350: 1.685451
Feature 351: 1.465752
Feature 352: 0.309555
Feature 353: 2.315286
Feature 354: 0.785379
Feature 355: 12.642135
Feature 356: 0.940694
Feature 357: 0.405133
Feature 358: 1.636699
Feature 359: 4.000000
Feature 360: 0.468436
Feature 361: 4.673049
Feature 362: 4.673049
Feature 363: 0.469705
Feature 364: 4.553419
Feature 365: 4.673049
Feature 366: 4.673049
Feature 367: 0.258054
Feature 368: 4.673049
Feature 369: 0.858340
Feature 370: 0.258054
Feature 371: 0.000000
Feature 372: 0.258054
Feature 373: 1.813810
Feature 374: 1.608045
Feature 375: 1.685539
Feature 376: 6.584660
Feature 377: 4.876496
Feature 378: 2.252995
Feature 379: 1.381892
Feature 380: 1.473243
Feature 381: 2.472235
Feature 382: 2.287055
Feature 383: 7.426246
Feature 384: 2.483918
Feature 385: 1.297920
Feature 386: 4.673049
Feature 387: 4.673049
Feature 388: 2.908872
Feature 389: 2.650094
Feature 390: 2.027107
Feature 391: 0.258054
Feature 392: 3.571695
Feature 393: 4.899489
Feature 394: 5.770351
Feature 395: 2.754031
Feature 396: 0.709308
Feature 397: 2.472755
Feature 398: 3.675800
Feature 399: 10.243021
Feature 400: 6.718967
Feature 401: 3.407973
Feature 402: 12.862773
Feature 403: 2.460988
Feature 404: 9.216121
Feature 405: 0.718358
Feature 406: 0.431829
Feature 407: 1.548450
Feature 408: 0.189285
Feature 409: 2.346228
Feature 410: 13.260462
Feature 411: 9.494489
Feature 412: 3.769231
Feature 413: 10.429099
Feature 414: 3.009235
Feature 415: 5.859659
Feature 416: 7.967048
Feature 417: 4.266479
Feature 418: 1.842552
Feature 419: 1.324503
Feature 420: 1.828068
Feature 421: 8.516714
Feature 422: 6.710204
Feature 423: 6.445758
Feature 424: 7.260282
Feature 425: 1.954484
Feature 426: 1.140073
Feature 427: 5.620842
Feature 428: 8.224634
Feature 429: 11.662628
Feature 430: 2.219914
Feature 431: 13.897763
Feature 432: 7.718287
Feature 433: 15.298417
Feature 434: 3.844838
Feature 435: 4.608197
Feature 436: 16.496002
Feature 437: 3.086224
Feature 438: 1.249880
Feature 439: 4.685269
Feature 440: 0.697772
Feature 441: 0.264425
Feature 442: 9.832361
Feature 443: 4.981734
Feature 444: 0.237893
Feature 445: 1.857264
Feature 446: 8.205199
Feature 447: 5.503255
Feature 448: 9.230163
Feature 449: 4.300239
Feature 450: 1.895320
Feature 451: 7.424546
Feature 452: 7.328088
Feature 453: 5.406004
Feature 454: 3.135046
Feature 455: 5.064055
Feature 456: 5.432804
Feature 457: 4.653793
Feature 458: 4.140757
Feature 459: 9.847577
Feature 460: 4.849453
Feature 461: 2.184483
Feature 462: 22.619789
Feature 463: 22.674330
Feature 464: 19.543984
Feature 465: 23.624985
Feature 466: 1.187528
Feature 467: 4.458627
Feature 468: 2.528534
Feature 469: 5.691976
Feature 470: 6.140448
Feature 471: 4.812845
Feature 472: 5.093829
Feature 473: 3.806610
Feature 474: 1.279601
Feature 475: 1.274611
Feature 476: 23.221653
Feature 477: 21.861667
Feature 478: 23.046333
Feature 479: 30.684941
Feature 480: 23.647971
Feature 481: 25.861634
Feature 482: 24.657514
Feature 483: 31.135948
Feature 484: 30.804205
Feature 485: 22.522702
Feature 486: 25.096397
Feature 487: 7.382783
Feature 488: 4.131138
Feature 489: 1.605875
Feature 490: 0.870222
Feature 491: 0.757450
Feature 492: 0.258054
Feature 493: 0.258054
Feature 494: 1.901475
Feature 495: 2.583922
Feature 496: 5.392738
Feature 497: 9.457763
Feature 498: 4.650452
Feature 499: 4.517539
Feature 500: 8.931643
Feature 501: 4.429571
Feature 502: 0.262759
Feature 503: 0.610715
Feature 504: 0.313661
Feature 505: 0.635322
Feature 506: 0.660965
Feature 507: 0.181193
Feature 508: 3.144488
Feature 509: 3.357397
Feature 510: 3.234867
Feature 511: 0.366147
Feature 512: 2.808549
Feature 513: 3.310773
Feature 514: 12.635830
Feature 515: 8.263415
Feature 516: 5.792670
Feature 517: 7.315929
Feature 518: 7.147427
Feature 519: 17.203787
Feature 520: 18.085668
Feature 521: 2.149597
Feature 522: 2.831317
Feature 523: 1.991962
Feature 524: 2.788069
Feature 525: 3.125083
Feature 526: 16.073595
Feature 527: 0.232483
Feature 528: 0.077253
Feature 529: 4.182092
Feature 530: 6.783202
Feature 531: 5.073926
Feature 532: 2.457156
Feature 533: 7.665312
Feature 534: 16.348767
Feature 535: 5.242918
Feature 536: 15.050040
Feature 537: 14.575915
Feature 538: 17.534015
Feature 539: 0.931753
Feature 540: 5.913960
Feature 541: 1.709606
Feature 542: 2.054605
Feature 543: 13.757287
Feature 544: 8.905931
Feature 545: 12.875114
Feature 546: 14.015459
Feature 547: 9.762513
Feature 548: 10.362046
Feature 549: 7.849165
Feature 550: 14.477341
Feature 551: 8.232730
Feature 552: 16.267577
Feature 553: 17.504267
Feature 554: 1.843652
Feature 555: 1.300463
Feature 556: 0.715174
Feature 557: 17.365655
Feature 558: 3.364235
Feature 559: 4.427318
Feature 560: 5.617772
Feature 561: 0.529845
Feature 562: 5.644909
Feature 563: 0.797931
Feature 564: 0.604801
Feature 565: 11.495112
Feature 566: 3.227843
Feature 567: 2.508244
Feature 568: 3.514803
Feature 569: 2.333140
Feature 570: 1.182226
Feature 571: 4.039401
Feature 572: 3.930031
Feature 573: 1.186309
Feature 574: 2.358725
Feature 575: 3.492906
Feature 576: 0.754555
Feature 577: 1.702226
Feature 578: 2.217596
Feature 579: 2.537448
Feature 580: 3.160952
Feature 581: 4.354936
Feature 582: 0.253242
Feature 583: 4.066667
Feature 584: 6.694245
Feature 585: 122.000000
Feature 586: 1.766749
Feature 587: 0.806199
Feature 588: 2.553986
Feature 589: 5.929256
Feature 590: 6.830209
Feature 591: 2.060738
Feature 592: 6.221856
Feature 593: 0.725801
Feature 594: 3.599096
Feature 595: 19.667318
Feature 596: 4.012371
Feature 597: 0.279921
Feature 598: 11.660677
Feature 599: 0.084518
Feature 600: 3.925294
Feature 601: 1.772999
Feature 602: 3.072604
Feature 603: -0.847222
Feature 604: 122.000000
Feature 605: 3.961589
Feature 606: 3.621226
Feature 607: 2.985076
Feature 608: 2.670635
Feature 609: 7.136496
Feature 610: 7.123194
Feature 611: 0.624863
Feature 612: 2.421401
Feature 613: 4.641752
Feature 614: 1.181293
Feature 615: 10.394535
Feature 616: 0.596468
Feature 617: 7.874602
Feature 618: 0.751824
Feature 619: 0.077253
Feature 620: 0.789469
Feature 621: 2.866254
Feature 622: 0.258054
Feature 623: 0.897056
Feature 624: 5.790348
Feature 625: 0.769028
Feature 626: 1.950811
Feature 627: 1.325999
Feature 628: 0.659696
Feature 629: 3.196176
Feature 630: 1.614004
Feature 631: 3.031223
Feature 632: 0.487358
Feature 633: 0.077253
Feature 634: 4.591695
Feature 635: 0.553872
Feature 636: 1.348281
Feature 637: 0.323484
Feature 638: 9.216363
Feature 639: 0.143881
Feature 640: 0.836732
Feature 641: 0.597072
Feature 642: 3.575316
Feature 643: 1.970246
Feature 644: 1.863912
Feature 645: 7.855967
Feature 646: 0.287197
Feature 647: 0.081460
Feature 648: 12.051168
Feature 649: 2.997109
Feature 650: 3.881187
Feature 651: 3.373544
Feature 652: 0.624209
Feature 653: 2.503635
Feature 654: 5.294336
Feature 655: 8.719604
Feature 656: 2.309075
Feature 657: 14.466271
Feature 658: 15.003516
Feature 659: 0.182140
Feature 660: 0.778098
Feature 661: 8.454655
Feature 662: 0.604383
Feature 663: 0.810913
Feature 664: 1.721528
Feature 665: 3.732915
Feature 666: 2.648216
Feature 667: 2.938706
Feature 668: 1.947872
Feature 669: 2.190164
Feature 670: 2.804530
Feature 671: 2.728340
Feature 672: 1.486904
Feature 673: 1.524548
Feature 674: 2.939670
Feature 675: 2.649345
Feature 676: 0.734070
Feature 677: 0.165021
Feature 678: 0.981824
Feature 679: 1.835515
Feature 680: 0.981824
Feature 681: 5.022358
Feature 682: 0.920395
Feature 683: 1.314732
Feature 684: 3.140885
Feature 685: 17.166781
Feature 686: 18.119549
Feature 687: 7.144996
Feature 688: 9.065920
Feature 689: 0.086021
Feature 690: 7.246781
Feature 691: 6.659994
Feature 692: 6.671047
Feature 693: 0.175923
Feature 694: 11.067813
Feature 695: 13.660872
Feature 696: 8.354557
Feature 697: 7.098804
Feature 698: 6.854958
Feature 699: 3.074691
Feature 700: 6.257373
Feature 701: 6.257351
Feature 702: 5.120086
Feature 703: 5.194668
Feature 704: 5.131768
Feature 705: 4.509905
Feature 706: 7.350907
Feature 707: 0.619710
Feature 708: 3.204754
Feature 709: 0.894642
Feature 710: 4.163061
Feature 711: 5.006771
Feature 712: 2.978129
Feature 713: 5.124846
Feature 714: 8.904946
Feature 715: 10.855628
Feature 716: 16.026260
Feature 717: 12.450079
Feature 718: 2.421401
Feature 719: 0.981824
Feature 720: 2.841588
Feature 721: 0.726401
Feature 722: 1.199052
Feature 723: 0.258054
Feature 724: 0.486518
Feature 725: 1.311350
Feature 726: 0.806199
Feature 727: 1.618674
Feature 728: 2.851671
Feature 729: 4.353118
Feature 730: 1.878809
Feature 731: 2.185012
Feature 732: 2.991185
Feature 733: 23.457702
Feature 734: 2.057644
Feature 735: 2.502236
Feature 736: 0.724729
Feature 737: 5.686070
Feature 738: 1.229917
Feature 739: 12.411070
Feature 740: 11.463478
Feature 741: 19.086106
Feature 742: 23.079595
Feature 743: 3.616327
Feature 744: 3.562609
Feature 745: 4.700434
Feature 746: 2.696781
Feature 747: 3.151316
Feature 748: 2.032992
Feature 749: 3.069857
Feature 750: 3.567122
Feature 751: 0.407142
Feature 752: 3.405945
Feature 753: 2.312896
Feature 754: 0.534958
Feature 755: 0.286512
Feature 756: 0.981824
Feature 757: 1.357132
Feature 758: 4.251659
Feature 759: 12.735693
Feature 760: 2.871197
Feature 761: 13.993478
Feature 762: 4.378584
Feature 763: 7.767602
Feature 764: 1.106809
Feature 765: 0.806199
Feature 766: 0.629143
Feature 767: 10.166667
Feature 768: 0.331394
Feature 769: 0.508295
Feature 770: 0.806199
Feature 771: 1.096844
Feature 772: 0.746827
Feature 773: 13.509335
Feature 774: 12.479475
Feature 775: 0.000000
Feature 776: 9.631579
Feature 777: 0.443582
Feature 778: 1.367630
Feature 779: 5.410761
Feature 780: 1.012453
Feature 781: 16.421853
Feature 782: 17.243622
Feature 783: 23.145671
Feature 784: 16.391025
Feature 785: 1.586909
Feature 786: 16.532297
Feature 787: 3.871480
Feature 788: 4.649411
Feature 789: 10.131993
Feature 790: 10.546383
Feature 791: 0.566822
Feature 792: 0.982889
Feature 793: 7.188919
Feature 794: 6.316570
Feature 795: 8.642618
Feature 796: 4.669509
Feature 797: 6.808305
Feature 798: 2.538953
Feature 799: 8.419730
Feature 800: 3.044341
Feature 801: 11.267935
Feature 802: 5.623405
Feature 803: 12.286948
Feature 804: 11.587042
Feature 805: 3.826273
Feature 806: 15.345781
Feature 807: 6.608133
Feature 808: 12.995375
Feature 809: 2.754031
Feature 810: 0.806199
Feature 811: 0.806199
Feature 812: 0.253617
Feature 813: 0.098941
Feature 814: 0.237314
Feature 815: 0.806199
Feature 816: 7.160738
Feature 817: 6.353312
Feature 818: 4.689076
Feature 819: 9.357249
Feature 820: 4.323152
Feature 821: 1.500028
Feature 822: 3.629471
Feature 823: 6.283597
Feature 824: 0.981824
Feature 825: 7.746547
Feature 826: 0.833565
Feature 827: 10.701513
Feature 828: 10.313278
Feature 829: 10.394653
Feature 830: 2.024323
Feature 831: 0.981824
Feature 832: 2.328294
Feature 833: 1.049824
Feature 834: 0.767857
Feature 835: 2.882411
Feature 836: 1.234888
Feature 837: 18.471359
Feature 838: 5.183218
Feature 839: 0.853711
Feature 840: 28.104498
Feature 841: 2.864873
Feature 842: 14.193065
Feature 843: 7.536505
Feature 844: 3.749000
Feature 845: 1.068771
Feature 846: 4.606076
Feature 847: 3.908960
Feature 848: 5.765682
Feature 849: 0.732344
Feature 850: 2.046793
Feature 851: 1.375832
Feature 852: 3.675844
Feature 853: 3.287124
Feature 854: 6.216789
Feature 855: 3.693481
Feature 856: 1.508732
Feature 857: 3.183859
Feature 858: 3.781576
Feature 859: 4.017798
Feature 860: 4.918885
Feature 861: 0.497988
Feature 862: 5.384092
Feature 863: 2.023765
Feature 864: 3.304426
Feature 865: 0.413074
Feature 866: 2.497539
Feature 867: 3.220295
Feature 868: 3.182320
Feature 869: 0.424754
Feature 870: 6.432717
Feature 871: 1.752728
Feature 872: 4.837854
Feature 873: 2.707539
Feature 874: 6.721275
Feature 875: 2.008028
Feature 876: 0.870622
Feature 877: 7.366588
Feature 878: 7.660436
Feature 879: 3.001824
Feature 880: 4.860361
Feature 881: 4.654650
Feature 882: 4.625280
Feature 883: 2.788567
Feature 884: 1.539681
Feature 885: 3.968358
Feature 886: 0.923814
Feature 887: 4.118505
Feature 888: 5.676428
Feature 889: 0.835506
Feature 890: 0.544132
Feature 891: 4.531305
Feature 892: 1.005062
Feature 893: 1.373681
Feature 894: 5.012011
Feature 895: 1.739273
Feature 896: 1.724715
Feature 897: 3.570959
Feature 898: 1.535519
Feature 899: 2.222989
Feature 900: 4.665569
Feature 901: 0.625057
Feature 902: 4.821803
Feature 903: 2.543290
Feature 904: 2.114414
Feature 905: 8.002463
Feature 906: 9.883734
Feature 907: 5.612403
Feature 908: 4.903033
Feature 909: 6.341101
Feature 910: 3.693412
Feature 911: 1.465434
Feature 912: 0.801271
Feature 913: 0.792284
Feature 914: 3.370012
Feature 915: 0.300921
Feature 916: 1.565970
Feature 917: 2.273552
Feature 918: 2.030700
Feature 919: 0.217479
Feature 920: 5.974259
Feature 921: 1.302638
Feature 922: 6.228075
Feature 923: 0.289077
Feature 924: 0.254866
Feature 925: 0.441319
Feature 926: 0.981824
Feature 927: 0.254215
Feature 928: 0.278267
Feature 929: 20.823940
Feature 930: 25.227045
Feature 931: 3.258841
Feature 932: 28.207238
Feature 933: 12.814121
Feature 934: 24.453153
Feature 935: 26.754091
Feature 936: 25.492974
Feature 937: 23.557847
Feature 938: 3.473062
Feature 939: 12.063511
Feature 940: 2.483904
Feature 941: 1.870395
Feature 942: 2.291122
Feature 943: 4.661257
Feature 944: 6.882012
Feature 945: 3.689376
Feature 946: 5.022176
Feature 947: 1.358378
Feature 948: 9.305662
Feature 949: 8.056407
Feature 950: 4.066667
Feature 951: 0.077253
Feature 952: 0.981824
Feature 953: 1.264819
Feature 954: 1.872797
Feature 955: 2.027450
Feature 956: 2.403910
Feature 957: 0.077253
Feature 958: 0.201019
Feature 959: 0.847877
Feature 960: 0.725930
Feature 961: 0.516133
Feature 962: 0.158703
Feature 963: 0.222808
Feature 964: 3.331146
Feature 965: 1.933382
Feature 966: 1.615729
Feature 967: 12.426075
Feature 968: 10.387124
Feature 969: 1.166952
Feature 970: 4.381776
Feature 971: 6.715373
Feature 972: 17.922337
Feature 973: 6.188701
Feature 974: 3.212519
Feature 975: 16.386241
Feature 976: 8.780641
Feature 977: 9.452513
Feature 978: 8.672690
Feature 979: 8.003907
Feature 980: 1.506934
Feature 981: 10.522240
Feature 982: 10.128148
Feature 983: 11.981387
Feature 984: 13.364653
Feature 985: 7.762546
Feature 986: 8.948091
Feature 987: 1.994726
Feature 988: 1.364239
Feature 989: 0.253254
Feature 990: 0.072017
Feature 991: 1.285330
Feature 992: 1.235743
Feature 993: 0.650835
Feature 994: 3.192978
Feature 995: 0.131583
Feature 996: 0.937518
Feature 997: 3.128701
Feature 998: 8.967606
Feature 999: 9.221193
Feature 1000: 3.128198
Feature 1001: 4.961562
Feature 1002: 6.746609
Feature 1003: 5.245832
Feature 1004: 17.242907
Feature 1005: 7.050261
Feature 1006: 2.051658
Feature 1007: 3.654160
Feature 1008: 4.040656
Feature 1009: 5.384756
Feature 1010: 3.267378
Feature 1011: 1.148591
Feature 1012: 0.625781
Feature 1013: 5.497002
Feature 1014: 16.355733
Feature 1015: 7.597080
Feature 1016: 9.736766
Feature 1017: 3.186092
Feature 1018: 9.728876
Feature 1019: 2.391160
Feature 1020: 4.742528
Feature 1021: 0.528491
Feature 1022: 6.353137
Feature 1023: 0.230436
Feature 1024: 9.323065
Feature 1025: 3.572117
Feature 1026: 7.835711
Feature 1027: 3.487238
Feature 1028: 0.450997
Feature 1029: 8.410474
Feature 1030: 2.173224
Feature 1031: 3.731994
Feature 1032: 7.196171
Feature 1033: 8.176898
Feature 1034: 8.987778
Feature 1035: 27.405945
Feature 1036: 7.240050
Feature 1037: 4.377864
Feature 1038: 3.763720
Feature 1039: 7.854480
Feature 1040: 5.613357
Feature 1041: 8.570199
Feature 1042: 1.008900
Feature 1043: 0.795212
Feature 1044: 5.728896
Feature 1045: 0.981824
Feature 1046: 0.364237
Feature 1047: 2.583578
Feature 1048: 0.154747
Feature 1049: 4.963874
Feature 1050: 15.849266
Feature 1051: 2.185241
Feature 1052: 7.217001
Feature 1053: 0.077253
Feature 1054: 0.611657
Feature 1055: 4.346399
Feature 1056: 23.073746
Feature 1057: 24.239949
Feature 1058: 27.252594
Feature 1059: 2.135130
Feature 1060: 11.746844
Feature 1061: 0.549164
Feature 1062: 6.513420
Feature 1063: 9.182655
Feature 1064: 1.790462
Feature 1065: 5.730430
Feature 1066: 1.982510
Feature 1067: 1.959655
Feature 1068: 6.907796
Feature 1069: 1.628393
Feature 1070: 1.988636
Feature 1071: 0.432931
Feature 1072: 1.952015
Feature 1073: 1.571057
Feature 1074: 2.806181
Feature 1075: 3.109901
Feature 1076: 2.884287
Feature 1077: 0.277247
Feature 1078: 12.446501
Feature 1079: 3.881249
Feature 1080: 3.716352
Feature 1081: 3.168404
Feature 1082: 5.397235
Feature 1083: 2.118488
Feature 1084: 2.057528
Feature 1085: 3.395747
Feature 1086: 4.986575
Feature 1087: 1.880456
Feature 1088: 4.321951
Feature 1089: 0.417703
Feature 1090: 0.490381
Feature 1091: 0.841417
Feature 1092: 0.844847
Feature 1093: 1.037772
Feature 1094: 8.665862
Feature 1095: 14.194812
Feature 1096: 3.857734
Feature 1097: 3.366119
Feature 1098: 15.082792
Feature 1099: 3.832196
Feature 1100: 1.230938
Feature 1101: 13.912834
Feature 1102: 0.964702
Feature 1103: 6.214242
Feature 1104: 4.066667
Feature 1105: 0.806199
Feature 1106: 0.291243
Feature 1107: 1.528729
Feature 1108: 0.653613
Feature 1109: 0.512862
Feature 1110: 0.372687
Feature 1111: 4.633081
Feature 1112: 3.370012
Feature 1113: 0.786662
Feature 1114: 0.548897
Feature 1115: 0.258054
Feature 1116: 0.653369
Feature 1117: 0.695516
Feature 1118: 1.509447
Feature 1119: 11.147690
Feature 1120: 5.066641
Feature 1121: 1.997998
Feature 1122: 9.749493
Feature 1123: 1.572647
Feature 1124: 1.390274
Feature 1125: 1.793579
Feature 1126: 6.078016
Feature 1127: 2.418365
Feature 1128: 0.369769
Feature 1129: 2.366165
Feature 1130: 3.436335
Feature 1131: 5.281336
Feature 1132: 1.724463
Feature 1133: 0.457488
Feature 1134: 3.643796
Feature 1135: 1.724412
Feature 1136: 7.013497
Feature 1137: 1.649008
Feature 1138: 1.724463
Feature 1139: 1.755878
Feature 1140: 0.242187
Feature 1141: 1.730218
Feature 1142: 0.874330
Feature 1143: 3.150713
Feature 1144: 2.908883
Feature 1145: 2.640585
Feature 1146: 0.783029
Feature 1147: 0.131583
Feature 1148: 0.334775
Feature 1149: 0.624980
Feature 1150: 0.258054
Feature 1151: 0.258054
Feature 1152: 0.440629
Feature 1153: 1.389740
Feature 1154: 3.924856
Feature 1155: 11.116178
Feature 1156: 9.192249
Feature 1157: 1.552254
Feature 1158: 0.797127
Feature 1159: 0.890723
Feature 1160: 0.981824
Feature 1161: 2.353696
Feature 1162: 1.146711
Feature 1163: 0.202510
Feature 1164: 0.802558
Feature 1165: 3.920648
Feature 1166: 0.789815
Feature 1167: 0.943817
Feature 1168: nan
Feature 1169: 1.005745
Feature 1170: 0.772871
Feature 1171: 3.050071
Feature 1172: 2.708596
Feature 1173: 2.214115
Feature 1174: 0.729520
Feature 1175: 1.093724
Feature 1176: 0.965880
Feature 1177: 0.520899
Feature 1178: 0.948719
Feature 1179: 3.064928
Feature 1180: 1.800693
Feature 1181: 4.405366
Feature 1182: 3.885186
Feature 1183: 3.398962
Feature 1184: 4.753870
Feature 1185: 2.699916
Feature 1186: 11.891574
Feature 1187: 3.576880
Feature 1188: 2.802994
Feature 1189: 12.302197
Feature 1190: 0.628447
Feature 1191: 0.417703
Feature 1192: 0.892298
Feature 1193: 0.357312
Feature 1194: 4.047591
Feature 1195: 1.546941
Feature 1196: 4.000000
Feature 1197: 0.806199
Feature 1198: 0.258054
Feature 1199: 0.317650
Feature 1200: 0.806199
Feature 1201: 0.929879
Feature 1202: 1.711475
Feature 1203: 4.857786
Feature 1204: 1.569967
Feature 1205: 0.803923
Feature 1206: 0.806199
Feature 1207: 0.754830
Feature 1208: 4.000000
Feature 1209: 0.364521
Feature 1210: 0.417703
Feature 1211: 4.066667
Feature 1212: 0.258054
Feature 1213: 0.806199
Feature 1214: 0.258054
Feature 1215: 0.684971
Feature 1216: 5.063960
Feature 1217: 0.806199
Feature 1218: 1.308249
Feature 1219: 0.802946
Feature 1220: 1.108050
Feature 1221: 4.337982
Feature 1222: 0.258054
Feature 1223: 0.806199
Feature 1224: 0.258054
Feature 1225: 0.257058
Feature 1226: 1.256352
Feature 1227: 0.806199
Feature 1228: 0.806199
Feature 1229: 0.131583
Feature 1230: 0.190792
Feature 1231: 0.221544
Feature 1232: 4.000000
Feature 1233: 0.449236
Feature 1234: 0.507418
Feature 1235: 0.414010
Feature 1236: 20.309489
Feature 1237: 0.417703
Feature 1238: 0.744775
Feature 1239: 5.063960
Feature 1240: 0.981824
Feature 1241: 1.193175
Feature 1242: 0.380301
Feature 1243: 0.258054
Feature 1244: 0.267479
Feature 1245: 0.258054
Feature 1246: 0.806199
Feature 1247: 3.987272
Feature 1248: 0.405709
Feature 1249: 4.066667
Feature 1250: 0.805105
Feature 1251: 5.504764
Feature 1252: 2.902158
Feature 1253: 1.168654
Feature 1254: 0.865209
Feature 1255: 6.202045
Feature 1256: 3.275999
Feature 1257: 2.342818
Feature 1258: 2.408888
Feature 1259: 3.720713
Feature 1260: 3.933864
Feature 1261: 2.459655
Feature 1262: 0.725801
Feature 1263: 1.946823
Feature 1264: 6.581598
Feature 1265: 4.000000
Feature 1266: 0.415021
Feature 1267: 2.116042
Feature 1268: 3.556892
Feature 1269: 9.575890
Feature 1270: 2.031778
Feature 1271: 1.528591
Feature 1272: 2.940788
Feature 1273: 8.089089
Feature 1274: 5.962729
Feature 1275: 7.382219
Feature 1276: 3.038589
Feature 1277: 2.913770
Feature 1278: 4.687148
Feature 1279: 9.281241
Feature 1280: 3.297256
Feature 1281: 3.637178
Feature 1282: 2.450210
Feature 1283: 3.881219
Feature 1284: 5.200579
Feature 1285: 22.152208
Feature 1286: 2.839077
Feature 1287: 13.181882
Feature 1288: 5.583220
Feature 1289: 5.480668
Feature 1290: 10.742665
Feature 1291: 2.588069
Feature 1292: 1.961709
Feature 1293: 8.239665
Feature 1294: 3.427763
Feature 1295: 0.258054
Feature 1296: 0.258054
Feature 1297: 0.077253
Feature 1298: 2.421401
Feature 1299: 10.166667
Feature 1300: 0.605780
Feature 1301: 2.421401
Feature 1302: 0.302906
Feature 1303: 17.029968
Feature 1304: 16.085620
Feature 1305: 17.385857
Feature 1306: 17.351117
Feature 1307: 15.546653
Feature 1308: 6.043819
Feature 1309: 1.644443
Feature 1310: 17.815083
Feature 1311: 3.049225
Feature 1312: 0.077253
Feature 1313: 2.045371
Feature 1314: 1.627934
Feature 1315: 4.436417
Feature 1316: 2.877016
Feature 1317: 3.197013
Feature 1318: 0.740078
Feature 1319: 1.326060
Feature 1320: 0.504264
Feature 1321: 3.088608
Feature 1322: 1.601079
Feature 1323: 4.000000
Feature 1324: 0.131583
Feature 1325: 0.614170
Feature 1326: 0.098941
Feature 1327: 4.000000
Feature 1328: 2.754031
Feature 1329: 0.633032
Feature 1330: 0.322201
Feature 1331: 0.592506
Feature 1332: 1.443230
Feature 1333: 0.498251
Feature 1334: 0.725801
Feature 1335: 14.237339
Feature 1336: 2.396459
Feature 1337: 5.507699
Feature 1338: 10.848879
Feature 1339: 1.318103
Feature 1340: 1.502240
Feature 1341: 6.914127
Feature 1342: 8.409624
Feature 1343: 7.558799
Feature 1344: 8.200585
Feature 1345: 3.153700
Feature 1346: 1.298989
Feature 1347: 5.528922
Feature 1348: 1.141384
Feature 1349: 1.033457
Feature 1350: 1.217300
Feature 1351: 4.617303
Feature 1352: 4.716661
Feature 1353: 1.089934
Feature 1354: 6.913372
Feature 1355: 1.252612
Feature 1356: 2.651133
Feature 1357: 1.506624
Feature 1358: 0.077253
Feature 1359: 0.077253
Feature 1360: 3.119263
Feature 1361: 4.148105
Feature 1362: 9.112145
Feature 1363: 1.661668
Feature 1364: 5.144166
Feature 1365: 7.682126
Feature 1366: 9.186061
Feature 1367: 3.876147
Feature 1368: 1.936057
Feature 1369: 1.131717
Feature 1370: 8.813014
Feature 1371: 4.177481
Feature 1372: 6.723399
Feature 1373: 3.020027
Feature 1374: 0.552140
Feature 1375: 1.111163
Feature 1376: 5.656469
Feature 1377: 5.810793
Feature 1378: 6.492813
Feature 1379: 1.905355
Feature 1380: 6.113445
Feature 1381: 2.301703
Feature 1382: 1.116905
Feature 1383: 3.672379
Feature 1384: 4.796786
Feature 1385: 0.130249
Feature 1386: 0.275775
Feature 1387: 0.098941
Feature 1388: 3.199429
Feature 1389: 0.087030
Feature 1390: 3.784080
Feature 1391: 0.098941
Feature 1392: 0.780292
Feature 1393: 0.115603
Feature 1394: 0.425882
Feature 1395: 1.634481
Feature 1396: 0.805214
Feature 1397: 1.790768
Feature 1398: 0.927157
Feature 1399: 0.077253
Feature 1400: 2.611666
Feature 1401: 0.440629
Feature 1402: 2.704872
Feature 1403: 0.348097
Feature 1404: 0.664353
Feature 1405: 0.380741
Feature 1406: 0.077253
Feature 1407: 8.825019
Feature 1408: 0.906917
Feature 1409: 8.369699
Feature 1410: 11.125846
Feature 1411: 8.607664
Feature 1412: 0.596913
Feature 1413: 0.981824
Feature 1414: 0.795212
Feature 1415: 0.716445
Feature 1416: 4.913497
Feature 1417: 2.827519
Feature 1418: 9.485631
Feature 1419: 6.122654
Feature 1420: 4.039940
Feature 1421: 4.975947
Feature 1422: 4.597960
Feature 1423: 6.437796
Feature 1424: 9.114654
Feature 1425: 5.157875
Feature 1426: 3.157819
Feature 1427: 4.235506
Feature 1428: 4.684145
Feature 1429: 2.732631
Feature 1430: 7.714720
Feature 1431: 0.609693
Feature 1432: 5.095200
Feature 1433: 2.137975
Feature 1434: 5.631134
Feature 1435: 5.339443
Feature 1436: 1.600470
Feature 1437: 1.469766
Feature 1438: 11.057928
Feature 1439: 2.572900
Feature 1440: 1.874792
Feature 1441: 1.078472
Feature 1442: 0.911420
Feature 1443: 1.633931
Feature 1444: 1.114339
Feature 1445: 1.690897
Feature 1446: 0.967476
Feature 1447: 0.824949
Feature 1448: 0.946219
Feature 1449: 3.507114
Feature 1450: 2.118097
Feature 1451: 6.524362
Feature 1452: 0.544813
Feature 1453: 5.403845
Feature 1454: 1.296733
Feature 1455: 0.940646
Feature 1456: 3.327463
Feature 1457: 1.762281
Feature 1458: 3.018038
Feature 1459: 2.859794
Feature 1460: 3.449221
Feature 1461: 1.767041
Feature 1462: 5.937961
Feature 1463: 7.021462
Feature 1464: 0.239362
Feature 1465: 4.228655
Feature 1466: 1.127563
Feature 1467: 3.057851
Feature 1468: 0.904489
Feature 1469: 3.951760
Feature 1470: 0.269020
Feature 1471: 2.604587
Feature 1472: 1.718325
Feature 1473: 0.776867
Feature 1474: 3.813994
Feature 1475: 7.445440
Feature 1476: 0.173687
Feature 1477: 2.096423
Feature 1478: 1.494581
Feature 1479: 11.581602
Feature 1480: 4.685371
Feature 1481: 3.012863
Feature 1482: 4.787901
Feature 1483: 1.606788
Feature 1484: 7.767193
Feature 1485: 3.526298
Feature 1486: 7.798376
Feature 1487: 1.729378
Feature 1488: 9.122372
Feature 1489: 9.392616
Feature 1490: 2.056899
Feature 1491: 14.517802
Feature 1492: 2.614164
Feature 1493: 12.629245
Feature 1494: 0.170994
Feature 1495: 6.843467
Feature 1496: 0.175079
Feature 1497: 2.730660
Feature 1498: 6.739293
Feature 1499: 8.239633
Feature 1500: 11.104686
Feature 1501: 10.151225
Feature 1502: 2.584122
Feature 1503: 12.300115
Feature 1504: 11.133836
Feature 1505: 5.339515
Feature 1506: 11.374377
Feature 1507: 10.896659
Feature 1508: 0.806199
Feature 1509: 1.801688
Feature 1510: 10.443457
Feature 1511: 9.063609
Feature 1512: 3.863201
Feature 1513: 1.360826
Feature 1514: 0.485586
Feature 1515: 0.123720
Feature 1516: 5.042444
Feature 1517: 4.673049
Feature 1518: 0.501108
Feature 1519: 2.135456
Feature 1520: 0.703745
Feature 1521: 5.064464
Feature 1522: 1.250069
Feature 1523: 0.445323
Feature 1524: 0.981824
Feature 1525: 0.786954
Feature 1526: 4.126255
Feature 1527: 0.248793
Feature 1528: 0.725801
Feature 1529: 0.466184
Feature 1530: 0.258054
Feature 1531: 1.323036
Feature 1532: 0.604383
Feature 1533: 0.604383
Feature 1534: 4.148384
Feature 1535: 1.571923
Feature 1536: 0.440629
Feature 1537: 1.053090
Feature 1538: 2.353529
Feature 1539: 0.461694
Feature 1540: 0.387073
Feature 1541: 0.409241
Feature 1542: 1.915565
Feature 1543: 19.872625
Feature 1544: 29.206178
Feature 1545: 22.678265
Feature 1546: 2.421401
Feature 1547: 11.669180
Feature 1548: 9.363696
Feature 1549: 7.909112
Feature 1550: 8.609316
Feature 1551: 11.508214
Feature 1552: 11.125660
Feature 1553: 8.297471
Feature 1554: 16.528008
Feature 1555: 12.034708
Feature 1556: 14.438727
Feature 1557: 3.799313
Feature 1558: 8.648739
Feature 1559: 0.175923
Feature 1560: 3.708512
Feature 1561: 1.213626
Feature 1562: 1.383344
Feature 1563: 10.902985
Feature 1564: 18.879356
Feature 1565: 11.141032
Feature 1566: 5.110576
Feature 1567: 0.440629
Feature 1568: 3.156142
Feature 1569: 17.306080
Feature 1570: 9.897843
Feature 1571: 4.776087
Feature 1572: 1.300463
Feature 1573: 2.314574
Feature 1574: 2.230893
Feature 1575: 7.022521
Feature 1576: 0.498339
Feature 1577: 2.282365
Feature 1578: 5.544242
Feature 1579: 5.617926
Feature 1580: 0.862495
Feature 1581: 1.327584
Feature 1582: 0.739265
Feature 1583: 9.701419
Feature 1584: 1.438974
Feature 1585: 16.957630
Feature 1586: 2.979933
Feature 1587: 2.203365
Feature 1588: 9.941632
Feature 1589: 1.335255
Feature 1590: 2.421401
Feature 1591: 1.068846
Feature 1592: 1.329239
Feature 1593: 0.216958
Feature 1594: 1.694913
Feature 1595: 8.706629
Feature 1596: 7.264260
Feature 1597: 14.562660
Feature 1598: 19.885625
Feature 1599: 3.792536
Feature 1600: 13.078795
Feature 1601: 17.914959
Feature 1602: 17.753438
Feature 1603: 7.100707
Feature 1604: 4.017396
Feature 1605: 0.814391
Feature 1606: 0.445875
Feature 1607: 0.592465
Feature 1608: 1.856125
Feature 1609: 1.284190
Feature 1610: 0.533950
Feature 1611: 0.556199
Feature 1612: 2.508460
Feature 1613: 1.428241
Feature 1614: 2.584118
Feature 1615: 14.709362
Feature 1616: 1.301117
Feature 1617: 0.495672
Feature 1618: 4.974045
Feature 1619: 1.239522
Feature 1620: 1.384263
Feature 1621: 0.444861
Feature 1622: 1.449213
Feature 1623: 2.141669
Feature 1624: 0.865992
Feature 1625: 0.839210
Feature 1626: 1.577396
Feature 1627: 1.002906
Feature 1628: 4.000000
Feature 1629: 0.980486
Feature 1630: 0.756187
Feature 1631: 0.873851
Feature 1632: 0.867097
Feature 1633: 0.640795
Feature 1634: 0.792720
Feature 1635: 0.658995
Feature 1636: 1.972184
Feature 1637: 1.334628
Feature 1638: 0.762621
Feature 1639: 1.052847
Feature 1640: 13.354777
Feature 1641: 0.337547
Feature 1642: 5.153400
Feature 1643: 10.234913
Feature 1644: 7.820311
Feature 1645: 4.010764
Feature 1646: 8.287618
Feature 1647: 5.845405
Feature 1648: 2.496568
Feature 1649: 5.033759
Feature 1650: 1.518994
Feature 1651: 15.197128
Feature 1652: 14.879874
Feature 1653: 12.742178
Feature 1654: 6.340859
Feature 1655: 23.961794
Feature 1656: 0.164146
Feature 1657: 1.874024
Feature 1658: 2.326508
Feature 1659: 18.003232
Feature 1660: 0.627623
Feature 1661: 3.409741
Feature 1662: 2.570996
Feature 1663: 9.474074
Feature 1664: 4.372911
Feature 1665: 15.705307
Feature 1666: 7.404674
Feature 1667: 4.957922
Feature 1668: 18.603322
Feature 1669: 5.296858
Feature 1670: 2.265030
Feature 1671: 2.329056
Feature 1672: 3.810457
Feature 1673: 1.142058
Feature 1674: 0.593841
Feature 1675: 2.012149
Feature 1676: 1.826572
Feature 1677: 14.416441
Feature 1678: 2.565327
Feature 1679: 1.255331
Feature 1680: 0.837406
Feature 1681: 1.662248
Feature 1682: 3.225207
Feature 1683: 5.067777
Feature 1684: 0.774138
Feature 1685: 4.380674
Feature 1686: 1.862024
Feature 1687: 0.834428
Feature 1688: 6.191357
Feature 1689: 2.570294
Feature 1690: 10.516651
Feature 1691: 0.904487
Feature 1692: 1.954133
Feature 1693: 0.955719
Feature 1694: 8.058579
Feature 1695: 1.748151
Feature 1696: 2.920466
Feature 1697: 0.602362
Feature 1698: 3.858652
Feature 1699: 0.868161
Feature 1700: 2.937873
Feature 1701: 2.101903
Feature 1702: 3.973568
Feature 1703: 2.190874
Feature 1704: 3.667305
Feature 1705: 3.170327
Feature 1706: 1.894467
Feature 1707: 2.155611
Feature 1708: 5.054031
Feature 1709: 2.812861
Feature 1710: 2.652033
Feature 1711: 3.976120
Feature 1712: 0.275831
Feature 1713: 0.715632
Feature 1714: 0.460781
Feature 1715: 2.754031
Feature 1716: 1.412403
Feature 1717: 0.987738
Feature 1718: 2.448335
Feature 1719: 0.141066
Feature 1720: 0.708201
Feature 1721: 3.333469
Feature 1722: 0.077253
Feature 1723: 0.806199
Feature 1724: 0.258054
Feature 1725: 1.896966
Feature 1726: 0.806199
Feature 1727: 7.560479
Feature 1728: 2.162428
Feature 1729: 5.026692
Feature 1730: 6.308560
Feature 1731: 6.378636
Feature 1732: 10.252613
Feature 1733: 8.211378
Feature 1734: 0.258054
Feature 1735: 1.326540
Feature 1736: 3.842366
Feature 1737: 11.048639
Feature 1738: 16.536059
Feature 1739: 0.346449
Feature 1740: 6.628860
Feature 1741: 1.501274
Feature 1742: 1.079099
Feature 1743: 0.317481
Feature 1744: 0.541007
Feature 1745: 0.751657
Feature 1746: 0.300337
Feature 1747: 1.461116
Feature 1748: 0.247752
Feature 1749: 0.242028
Feature 1750: 0.899137
Feature 1751: 0.077253
Feature 1752: 0.086486
Feature 1753: 0.800227
Feature 1754: 0.121183
Feature 1755: 2.711817
Feature 1756: 0.626709
Feature 1757: 3.116842
Feature 1758: 1.135426
Feature 1759: 0.655619
Feature 1760: 2.699888
Feature 1761: 1.692828
Feature 1762: 1.838540
Feature 1763: 2.230374
Feature 1764: 2.669307
Feature 1765: 1.290517
Feature 1766: 0.220390
Feature 1767: 0.447249
Feature 1768: 3.649865
Feature 1769: 1.672778
Feature 1770: 2.341353
Feature 1771: 2.290477
Feature 1772: 2.396189
Feature 1773: 2.240401
Feature 1774: 0.439765
Feature 1775: 3.167509
Feature 1776: 0.289126
Feature 1777: 0.720798
Feature 1778: 0.801095
Feature 1779: 0.815842
Feature 1780: 1.586909
Feature 1781: 7.899987
Feature 1782: 12.702890
Feature 1783: 5.656013
Feature 1784: 1.571063
Feature 1785: 1.122831
Feature 1786: 3.118038
Feature 1787: 5.682387
Feature 1788: 0.152854
Feature 1789: 0.971390
Feature 1790: 0.154747
Feature 1791: 4.000000
Feature 1792: 0.609567
Feature 1793: 0.535989
Feature 1794: 2.847606
Feature 1795: 0.922224
Feature 1796: 0.759917
Feature 1797: 1.636148
Feature 1798: 12.809010
Feature 1799: 9.929687
Feature 1800: 10.121790
Feature 1801: 16.277078
Feature 1802: 19.187051
Feature 1803: 0.519589
Feature 1804: 16.021286
Feature 1805: 2.041082
Feature 1806: 2.356366
Feature 1807: 3.032815
Feature 1808: 0.940937
Feature 1809: 11.702527
Feature 1810: 3.655044
Feature 1811: 0.954694
Feature 1812: 26.829389
Feature 1813: 2.556151
Feature 1814: 1.965749
Feature 1815: 3.635448
Feature 1816: 2.697915
Feature 1817: 0.304493
Feature 1818: 1.251617
Feature 1819: 1.323515
Feature 1820: 2.344690
Feature 1821: 4.393134
Feature 1822: 1.338516
Feature 1823: 3.534214
Feature 1824: 4.209686
Feature 1825: 4.673049
Feature 1826: 0.098941
Feature 1827: 0.806199
Feature 1828: 4.000000
Feature 1829: 12.920044
Feature 1830: 7.692509
Feature 1831: 2.171721
Feature 1832: 15.376038
Feature 1833: 0.929975
Feature 1834: 1.886253
Feature 1835: 17.425972
Feature 1836: 0.098941
Feature 1837: 0.448325
Feature 1838: 0.619486
Feature 1839: 0.368674
Feature 1840: 6.282113
Feature 1841: 1.036799
Feature 1842: 2.817088
Feature 1843: 6.957724
Feature 1844: 3.296253
Feature 1845: 0.597731
Feature 1846: 0.131583
Feature 1847: 1.141504
Feature 1848: 1.248712
Feature 1849: 0.447350
Feature 1850: 0.637836
Feature 1851: 26.420756
Feature 1852: 23.373487
Feature 1853: 17.663055
Feature 1854: 26.256124
Feature 1855: 0.981824
Feature 1856: 0.502808
Feature 1857: 0.742276
Feature 1858: 1.771040
Feature 1859: 2.561704
Feature 1860: 12.421492
Feature 1861: 9.967149
Feature 1862: 7.641356
Feature 1863: 9.553056
Feature 1864: 9.846945
Feature 1865: 9.974808
Feature 1866: 0.098941
Feature 1867: 0.258054
Feature 1868: 1.944774
Feature 1869: 1.549543
Feature 1870: 3.212099
Feature 1871: 4.319834
Feature 1872: 2.300003
Feature 1873: 3.910057
Feature 1874: 2.503285
Feature 1875: 4.519658
Feature 1876: 16.651432
Feature 1877: 15.507573
Feature 1878: 11.210511
Feature 1879: 3.941905
Feature 1880: 7.775515
Feature 1881: 1.924050
Feature 1882: 0.679633
Feature 1883: 1.321241
Feature 1884: 4.811662
Feature 1885: 2.015285
Feature 1886: 3.846198
Feature 1887: 2.873634
Feature 1888: 2.660705
Feature 1889: 2.905501
Feature 1890: 5.854698
Feature 1891: 1.260066
Feature 1892: 0.644735
Feature 1893: 2.605843
Feature 1894: 7.295013
Feature 1895: 2.126146
Feature 1896: 11.857647
Feature 1897: 1.500460
Feature 1898: 5.650675
Feature 1899: 11.407588
Feature 1900: 10.887591
Feature 1901: 10.142624
Feature 1902: 3.090037
Feature 1903: 6.102371
Feature 1904: 4.534945
Feature 1905: 3.379103
Feature 1906: 9.114885
Feature 1907: 1.387711
Feature 1908: 7.058441
Feature 1909: 18.142347
Feature 1910: 8.469949
Feature 1911: 4.147849
Feature 1912: 5.738303
Feature 1913: 5.063960
Feature 1914: 12.613390
Feature 1915: 13.051985
Feature 1916: 14.909926
Feature 1917: 14.657706
Feature 1918: 13.868776
Feature 1919: 11.373958
Feature 1920: 11.031475
Feature 1921: 8.083768
Feature 1922: 0.077253
Feature 1923: 0.890422
Feature 1924: 4.244702
Feature 1925: 0.877318
Feature 1926: 1.912261
Feature 1927: 9.790194
Feature 1928: 2.957545
Feature 1929: 4.706724
Feature 1930: 2.056862
Feature 1931: 8.710704
Feature 1932: 4.835750
Feature 1933: 7.465605
Feature 1934: 1.431787
Feature 1935: 1.586909
Feature 1936: 6.856878
Feature 1937: 0.882372
Feature 1938: 2.012794
Feature 1939: 5.574853
Feature 1940: 4.610092
Feature 1941: 0.892298
Feature 1942: 0.931793
Feature 1943: 3.559534
Feature 1944: 0.118042
Feature 1945: 3.539981
Feature 1946: 0.128336
Feature 1947: 1.651696
Feature 1948: 5.168261
Feature 1949: 0.129532
Feature 1950: 1.016324
Feature 1951: 10.475149
Feature 1952: 5.993382
Feature 1953: 1.010724
Feature 1954: 2.256501
Feature 1955: 4.000000
Feature 1956: 4.908363
Feature 1957: 3.442556
Feature 1958: 1.224459
Feature 1959: 2.317192
Feature 1960: 6.429526
Feature 1961: 3.606611
Feature 1962: 1.586909
Feature 1963: 21.553083
Feature 1964: 1.267114
Feature 1965: 7.505468
Feature 1966: 20.035982
Feature 1967: 10.069538
Feature 1968: 7.722744
Feature 1969: 7.576718
Feature 1970: 14.652380
Feature 1971: 10.658282
Feature 1972: 9.944722
Feature 1973: 10.506301
Feature 1974: 10.219774
Feature 1975: 7.194878
Feature 1976: 13.019969
Feature 1977: 14.769904
Feature 1978: 15.715572
Feature 1979: 17.907914
Feature 1980: 8.400629
Feature 1981: 10.045656
Feature 1982: 4.303685
Feature 1983: 7.528240
Feature 1984: 7.768331
Feature 1985: 9.076216
Feature 1986: 1.211903
Feature 1987: 5.575380
Feature 1988: 0.796455
Feature 1989: 13.827718
Feature 1990: 6.821508
Feature 1991: 13.569454
Feature 1992: 14.081132
Feature 1993: 1.251770
Feature 1994: 1.571674
Feature 1995: 15.206038
Feature 1996: 4.410884
Feature 1997: 10.243166
Feature 1998: 4.925347
Feature 1999: 3.963875
Feature 2000: 3.437970
Feature 2001: 4.066667
Feature 2002: 1.187807
Feature 2003: 4.994206
Feature 2004: 1.316718
Feature 2005: 5.446594
Feature 2006: 5.356155
Feature 2007: 2.553122
Feature 2008: 4.950359
Feature 2009: 4.548537
Feature 2010: 5.284123
Feature 2011: 4.901798
Feature 2012: 3.860331
Feature 2013: 10.719154
Feature 2014: 6.504416
Feature 2015: 0.251934
Feature 2016: 2.821850
Feature 2017: 25.531737
Feature 2018: 1.674266
Feature 2019: 3.886374
Feature 2020: 4.014410
Feature 2021: 14.211914
Feature 2022: 13.377780
Feature 2023: 28.703285
Feature 2024: 5.662569
Feature 2025: 13.417140
Feature 2026: -0.847222
Feature 2027: 0.847100
Feature 2028: 1.066299
Feature 2029: 2.666515
Feature 2030: 13.178394
Feature 2031: 9.487449
Feature 2032: 0.842144
Feature 2033: 4.785721
Feature 2034: 1.612819
Feature 2035: 7.578164
Feature 2036: 0.288658
Feature 2037: 5.314481
Feature 2038: 6.640719
Feature 2039: 3.349884
Feature 2040: 0.739540
Feature 2041: 4.824396
Feature 2042: 0.832900
Feature 2043: 6.219362
Feature 2044: 1.060596
Feature 2045: 2.521187
Feature 2046: 1.736881
Feature 2047: 4.673049
Feature 2048: 1.415964
Feature 2049: 3.751235
Feature 2050: 7.576187
Feature 2051: 8.997636
Feature 2052: 1.973386
Feature 2053: 3.169698
Feature 2054: 4.046386
Feature 2055: 15.391374
Feature 2056: 6.944450
Feature 2057: 10.575140
Feature 2058: 4.467398
Feature 2059: 0.191211
Feature 2060: 7.260071
Feature 2061: 9.372966
Feature 2062: 9.777971
Feature 2063: 2.351422
Feature 2064: 1.433293
Feature 2065: 4.325053
Feature 2066: 7.137962
Feature 2067: 1.723886
Feature 2068: 0.077253
Feature 2069: 11.781095
Feature 2070: 7.687660
Feature 2071: 9.505237
Feature 2072: 0.787699
Feature 2073: 0.077253
Feature 2074: 0.417703
Feature 2075: 4.860341
Feature 2076: 0.077253
Feature 2077: 3.420112
Feature 2078: 0.803361
Feature 2079: 0.702827
Feature 2080: 0.258054
Feature 2081: 10.369288
Feature 2082: 4.389168
Feature 2083: 10.930843
Feature 2084: 11.606016
Feature 2085: 10.086796
Feature 2086: 8.920467
Feature 2087: 9.659374
Feature 2088: 5.547606
Feature 2089: 5.584873
Feature 2090: 3.089755
Feature 2091: 0.779985
Feature 2092: 10.017485
Feature 2093: 2.278514
Feature 2094: 0.179376
Feature 2095: 11.147013
Feature 2096: 11.961560
Feature 2097: 9.147256
Feature 2098: 8.419719
Feature 2099: 9.530450
Feature 2100: 10.062095
Feature 2101: 6.547817
Feature 2102: 12.117731
Feature 2103: 5.972896
Feature 2104: 4.473500
Feature 2105: 0.201981
Feature 2106: 2.739774
Feature 2107: 0.291540
Feature 2108: 0.258054
Feature 2109: 1.586909
Feature 2110: 1.754705
Feature 2111: 4.341215
Feature 2112: 0.332482
Feature 2113: 1.829095
Feature 2114: 0.077253
Feature 2115: 1.262489
Feature 2116: 3.550725
Feature 2117: 1.586338
Feature 2118: 0.131583
Feature 2119: 0.587813
Feature 2120: 0.131583
Feature 2121: 0.725801
Feature 2122: 0.914708
Feature 2123: 0.573237
Feature 2124: 0.232049
Feature 2125: 0.870468
Feature 2126: 1.748176
Feature 2127: 3.759520
Feature 2128: 6.181345
Feature 2129: 5.150725
Feature 2130: 7.039960
Feature 2131: 4.448994
Feature 2132: 11.324887
Feature 2133: 1.977826
Feature 2134: 3.367916
Feature 2135: 5.234316
Feature 2136: 4.523079
Feature 2137: 3.060365
Feature 2138: 6.509163
Feature 2139: 2.808196
Feature 2140: 1.993866
Feature 2141: 5.015468
Feature 2142: 17.380882
Feature 2143: 2.376020
Feature 2144: 2.032839
Feature 2145: 2.478720
Feature 2146: 2.281427
Feature 2147: 3.972873
Feature 2148: 1.633013
Feature 2149: 1.966079
Feature 2150: 2.096641
Feature 2151: 1.578003
Feature 2152: 2.300837
Feature 2153: 0.406773
Feature 2154: 7.700588
Feature 2155: 0.293375
Feature 2156: 9.296650
Feature 2157: 1.955404
Feature 2158: 3.513999
Feature 2159: 6.284342
Feature 2160: 6.523010
Feature 2161: 13.892889
Feature 2162: 26.891067
Feature 2163: 19.863955
Feature 2164: 7.501018
Feature 2165: 1.992914
Feature 2166: 2.105859
Feature 2167: 11.907260
Feature 2168: 4.535249
Feature 2169: 1.970964
Feature 2170: 0.593594
Feature 2171: 2.136174
Feature 2172: 7.220798
Feature 2173: 4.369581
Feature 2174: 6.075459
Feature 2175: 1.596179
Feature 2176: 2.661628
Feature 2177: 2.176256
Feature 2178: 1.753251
Feature 2179: 7.830146
Feature 2180: 9.707881
Feature 2181: 5.032970
Feature 2182: 10.763125
Feature 2183: 6.757036
Feature 2184: 9.171152
Feature 2185: 0.945266
Feature 2186: 11.159217
Feature 2187: 10.683412
Feature 2188: 10.716282
Feature 2189: 25.067898
Feature 2190: 25.636533
Feature 2191: 25.269612
Feature 2192: 14.084388
Feature 2193: 8.696440
Feature 2194: 17.289170
Feature 2195: 1.284399
Feature 2196: 0.431994
Feature 2197: 4.612555
Feature 2198: 0.362201
Feature 2199: 15.689602
Feature 2200: 7.888931
Feature 2201: 5.630818
Feature 2202: 2.961528
Feature 2203: 3.240638
Feature 2204: 2.676689
Feature 2205: 3.454727
Feature 2206: 2.689489
Feature 2207: 2.505830
Feature 2208: 0.806199
Feature 2209: 5.843946
Feature 2210: 15.458003
Feature 2211: 13.833661
Feature 2212: 11.898481
Feature 2213: 14.981272
Feature 2214: 0.806199
Feature 2215: 5.701983
Feature 2216: 0.324623
Feature 2217: 1.069533
Feature 2218: 0.196609
Feature 2219: 1.377449
Feature 2220: 3.097871
Feature 2221: 8.638747
Feature 2222: 0.666861
Feature 2223: 2.013692
Feature 2224: 1.697283
Feature 2225: 1.680955
Feature 2226: 4.120777
Feature 2227: 4.669273
Feature 2228: 4.405589
Feature 2229: 1.748956
Feature 2230: 1.967949
Feature 2231: 0.673177
Feature 2232: 2.713682
Feature 2233: 4.629821
Feature 2234: 26.470163
Feature 2235: 4.638334
Feature 2236: 5.980308
Feature 2237: 0.683955
Feature 2238: 3.425974
Feature 2239: 9.012257
Feature 2240: 8.723099
Feature 2241: 0.371921
Feature 2242: 0.659696
Feature 2243: 2.028934
Feature 2244: 12.308082
Feature 2245: 0.417703
Feature 2246: 3.697959
Feature 2247: 5.996541
Feature 2248: 4.224637
Feature 2249: 0.806199
Feature 2250: 20.226282
Feature 2251: 0.258054
Feature 2252: 1.617505
Feature 2253: 5.533402
Feature 2254: 2.010149
Feature 2255: 2.415300
Feature 2256: 0.792736
Feature 2257: 1.259668
Feature 2258: 3.545024
Feature 2259: 1.040121
Feature 2260: 3.080653
Feature 2261: 1.486338
Feature 2262: 3.202845
Feature 2263: 1.748693
Feature 2264: 1.264997
Feature 2265: 1.612832
Feature 2266: 3.373691
Feature 2267: 0.793198
Feature 2268: 9.354007
Feature 2269: 1.320108
Feature 2270: 1.724463
Feature 2271: 2.233860
Feature 2272: 2.222133
Feature 2273: 0.933586
Feature 2274: 1.191653
Feature 2275: 0.853591
Feature 2276: 2.192051
Feature 2277: 14.618657
Feature 2278: 2.937620
Feature 2279: 8.330033
Feature 2280: 3.429410
Feature 2281: 2.327100
Feature 2282: 1.764569
Feature 2283: 3.646364
Feature 2284: 0.692322
Feature 2285: 3.568324
Feature 2286: 0.635610
Feature 2287: 1.885556
Feature 2288: 0.566382
Feature 2289: 0.908001
Feature 2290: 1.111039
Feature 2291: 0.752221
Feature 2292: 0.664222
Feature 2293: 4.307795
Feature 2294: 9.873938
Feature 2295: 7.430847
Feature 2296: 15.006442
Feature 2297: 14.476331
Feature 2298: 14.101415
Feature 2299: 16.841372
Feature 2300: 17.468793
Feature 2301: 9.925292
Feature 2302: 14.786298
Feature 2303: 15.787682
Feature 2304: 1.928209
Feature 2305: 1.731235
Feature 2306: 3.517264
Feature 2307: 5.538874
Feature 2308: 4.611041
Feature 2309: 4.359523
Feature 2310: 19.195451
Feature 2311: 8.212536
Feature 2312: 2.809935
Feature 2313: 1.406452
Feature 2314: 3.106111
Feature 2315: 6.143450
Feature 2316: 0.616628
Feature 2317: 1.181030
Feature 2318: 1.451185
Feature 2319: 2.381385
Feature 2320: 14.949066
Feature 2321: 6.643797
Feature 2322: 14.457698
Feature 2323: 4.189719
Feature 2324: 14.253567
Feature 2325: 16.289900
Feature 2326: 11.783901
Feature 2327: 14.955494
Feature 2328: 15.874021
Feature 2329: 17.036262
Feature 2330: 11.263956
Feature 2331: 17.677575
Feature 2332: 1.047374
Feature 2333: 6.190467
Feature 2334: 6.534976
Feature 2335: 12.407449
Feature 2336: 7.375600
Feature 2337: 6.281037
Feature 2338: 0.305253
Feature 2339: 8.955900
Feature 2340: 14.767204
Feature 2341: 8.285520
Feature 2342: 2.171153
Feature 2343: 15.961241
Feature 2344: 5.415749
Feature 2345: 2.191522
Feature 2346: 6.026765
Feature 2347: 7.520671
Feature 2348: 4.398339
Feature 2349: 3.162337
Feature 2350: 4.720182
Feature 2351: 25.821056
Feature 2352: 6.156322
Feature 2353: 2.584777
Feature 2354: 4.816990
Feature 2355: 0.149582
Feature 2356: 5.063960
Feature 2357: 0.229044
Feature 2358: 0.722499
Feature 2359: 6.145742
Feature 2360: 0.181636
Feature 2361: 6.207325
Feature 2362: 2.460491
Feature 2363: 1.055505
Feature 2364: 1.002573
Feature 2365: 2.287829
Feature 2366: 0.131583
Feature 2367: 18.697805
Feature 2368: 16.125829
Feature 2369: 14.527953
Feature 2370: 17.674126
Feature 2371: 18.092728
Feature 2372: 7.307444
Feature 2373: 0.725801
Feature 2374: 5.528130
Feature 2375: 4.047591
Feature 2376: 4.925334
Feature 2377: 6.126374
Feature 2378: 5.967570
Feature 2379: 8.617925
Feature 2380: 8.660924
Feature 2381: 2.024821
Feature 2382: 3.086934
Feature 2383: 7.748582
Feature 2384: 5.110377
Feature 2385: 10.834994
Feature 2386: 5.011615
Feature 2387: 0.077253
Feature 2388: 8.069377
Feature 2389: 6.916584
Feature 2390: 6.545483
Feature 2391: 5.821642
Feature 2392: 14.675447
Feature 2393: 0.930450
Feature 2394: 0.622148
Feature 2395: 0.715971
Feature 2396: 0.248565
Feature 2397: 14.758700
Feature 2398: 6.289616
Feature 2399: 3.723048
Feature 2400: 2.823360
Feature 2401: 6.098711
Feature 2402: 2.283220
Feature 2403: 23.326470
Feature 2404: 4.571808
Feature 2405: 17.094804
Feature 2406: 0.648974
Feature 2407: 4.291250
Feature 2408: 11.285033
Feature 2409: 3.575538
Feature 2410: 3.470593
Feature 2411: 0.098941
Feature 2412: 0.877392
Feature 2413: 0.505707
Feature 2414: 0.320790
Feature 2415: 0.371314
Feature 2416: 0.804818
Feature 2417: 1.113138
Feature 2418: 1.272098
Feature 2419: 2.695426
Feature 2420: 0.368257
Feature 2421: 2.725656
Feature 2422: 0.431390
Feature 2423: 16.589008
Feature 2424: 0.919971
Feature 2425: 12.597242
Feature 2426: 2.410511
Feature 2427: 6.477519
Feature 2428: 5.791040
Feature 2429: 1.049096
Feature 2430: 2.838093
Feature 2431: 1.893090
Feature 2432: 2.726118
Feature 2433: 45.897799
Feature 2434: 28.205212
Feature 2435: 13.933522
Feature 2436: 2.772907
Feature 2437: 2.044847
Feature 2438: 1.058912
Feature 2439: 17.871971
Feature 2440: 17.909413
Feature 2441: 2.818796
Feature 2442: 1.360949
Feature 2443: 4.470550
Feature 2444: 9.550275
Feature 2445: 3.442136
Feature 2446: 1.398469
Feature 2447: 6.382202
Feature 2448: 13.713555
Feature 2449: 3.680095
Feature 2450: 4.072141
Feature 2451: 3.839883
Feature 2452: 4.303723
Feature 2453: 4.832895
Feature 2454: 3.644593
Feature 2455: 3.279856
Feature 2456: 3.102298
Feature 2457: 4.187753
Feature 2458: 4.668820
Feature 2459: 4.066667
Feature 2460: 4.066667
Feature 2461: 4.066667
Feature 2462: 0.725801
Feature 2463: 10.166667
Feature 2464: 0.725801
Feature 2465: 2.532957
Feature 2466: 4.066667
Feature 2467: 11.506949
Feature 2468: 0.636600
Feature 2469: 1.606319
Feature 2470: 2.360439
Feature 2471: 0.515288
Feature 2472: 0.300392
Feature 2473: 4.666401
Feature 2474: 0.284328
Feature 2475: 0.827603
Feature 2476: 1.509039
Feature 2477: 3.843131
Feature 2478: 0.618228
Feature 2479: 1.856565
Feature 2480: 1.867481
Feature 2481: 1.434841
Feature 2482: 0.752642
Feature 2483: 0.428068
Feature 2484: 4.877946
Feature 2485: 1.316894
Feature 2486: 5.471181
Feature 2487: 0.780278
Feature 2488: 0.779137
Feature 2489: 2.491282
Feature 2490: 0.491818
Feature 2491: 1.151637
Feature 2492: 1.183158
Feature 2493: 0.479883
Feature 2494: 0.572396
Feature 2495: 3.544654
Feature 2496: 0.104489
Feature 2497: 9.909891
Feature 2498: 0.865985
Feature 2499: 3.577738
Feature 2500: 2.743983
Feature 2501: 0.963547
Feature 2502: 0.425654
Feature 2503: 0.688197
Feature 2504: 5.435355
Feature 2505: 4.347434
Feature 2506: 0.248322
Feature 2507: 0.319230
Feature 2508: 1.098059
Feature 2509: 3.614627
Feature 2510: 0.327980
Feature 2511: 5.574332
Feature 2512: 3.876434
Feature 2513: 2.997338
Feature 2514: 0.416621
Feature 2515: 0.471017
Feature 2516: 4.361811
Feature 2517: 1.123327
Feature 2518: 1.848034
Feature 2519: 3.606003
Feature 2520: 0.302752
Feature 2521: 6.881209
Feature 2522: 6.324253
Feature 2523: 3.360800
Feature 2524: 2.984984
Feature 2525: 0.517841
Feature 2526: 3.726023
Feature 2527: 3.210500
Feature 2528: 3.625862
Feature 2529: 4.000000
Feature 2530: 5.713765
Feature 2531: 4.196993
Feature 2532: 3.399302
Feature 2533: 8.611142
Feature 2534: 0.077253
Feature 2535: 2.421401
Feature 2536: 1.613361
Feature 2537: 0.428520
Feature 2538: 0.131583
Feature 2539: 0.557692
Feature 2540: 1.158593
Feature 2541: 6.379762
Feature 2542: 1.236716
Feature 2543: 1.697819
Feature 2544: 0.929656
Feature 2545: 5.179886
Feature 2546: 0.500174
Feature 2547: 0.589398
Feature 2548: 2.053893
Feature 2549: 0.619638
Feature 2550: 0.537569
Feature 2551: 0.325673
Feature 2552: 0.428349
Feature 2553: 0.538195
Feature 2554: 0.459287
Feature 2555: 0.330201
Feature 2556: 0.077253
Feature 2557: 0.604383
Feature 2558: 0.352583
Feature 2559: 0.154747
Feature 2560: 0.256921
Feature 2561: 0.545728
Feature 2562: 0.572603
Feature 2563: 0.691658
Feature 2564: 0.602025
Feature 2565: 0.493557
Feature 2566: 1.240599
Feature 2567: 1.504463
Feature 2568: 0.744578
Feature 2569: 0.397609
Feature 2570: 0.108095
Feature 2571: 0.412077
Feature 2572: 0.290831
Feature 2573: 0.603873
Feature 2574: 4.539452
Feature 2575: 7.367948
Feature 2576: 1.526376
Feature 2577: 17.255626
Feature 2578: 2.634778
Feature 2579: 8.815808
Feature 2580: 3.442248
Feature 2581: 2.270822
Feature 2582: 11.660096
Feature 2583: 6.072159
Feature 2584: 3.175238
Feature 2585: 7.118550
Feature 2586: 10.029954
Feature 2587: 1.214440
Feature 2588: 2.715670
Feature 2589: 12.864340
Feature 2590: 2.826585
Feature 2591: 4.886135
Feature 2592: 2.701339
Feature 2593: 14.881393
Feature 2594: 7.482076
Feature 2595: 108.663668
Feature 2596: 3.753086
Feature 2597: 9.187235
Feature 2598: 2.543204
Feature 2599: 7.329876
Feature 2600: 9.788248
Feature 2601: 6.634467
Feature 2602: 7.619518
Feature 2603: 6.463415
Feature 2604: 1.481899
Feature 2605: 4.806302
Feature 2606: 3.686264
Feature 2607: 12.934844
Feature 2608: 0.292304
Feature 2609: 4.979554
Feature 2610: 0.098941
Feature 2611: 0.131583
Feature 2612: 0.077253
Feature 2613: 4.000000
Feature 2614: 0.424247
Feature 2615: 0.890884
Feature 2616: 1.169548
Feature 2617: 0.077253
Feature 2618: 0.440629
Feature 2619: 0.131583
Feature 2620: 7.270666
Feature 2621: 1.082357
Feature 2622: 1.084197
Feature 2623: 2.078678
Feature 2624: 0.812266
Feature 2625: 0.733865
Feature 2626: 0.809013
Feature 2627: 0.795212
Feature 2628: 0.797628
Feature 2629: 1.014379
Feature 2630: 3.890646
Feature 2631: 0.370260
Feature 2632: 0.723501
Feature 2633: 0.722969
Feature 2634: 0.077253
Feature 2635: 0.837019
Feature 2636: 0.417703
Feature 2637: 0.258054
Feature 2638: 4.000000
Feature 2639: 0.795212
Feature 2640: 0.498617
Feature 2641: 0.795212
Feature 2642: 0.239639
Feature 2643: 4.309885
Feature 2644: 3.319184
Feature 2645: 0.731376
Feature 2646: 3.404707
Feature 2647: 4.325902
Feature 2648: 3.644309
Feature 2649: 6.285023
Feature 2650: 11.839921
Feature 2651: 4.623436
Feature 2652: 4.154649
Feature 2653: 1.778047
Feature 2654: 8.099840
Feature 2655: 1.490944
Feature 2656: 9.388078
Feature 2657: 2.458277
Feature 2658: 3.488448
Feature 2659: 9.065890
Feature 2660: 14.591034
Feature 2661: 2.330918
Feature 2662: 1.732590
Feature 2663: 0.904906
Feature 2664: 6.371884
Feature 2665: 3.180859
Feature 2666: 80.205242
Feature 2667: 2.615227
Feature 2668: 4.661148
Feature 2669: 2.937360
Feature 2670: 13.543822
Feature 2671: 7.402725
Feature 2672: 3.539323
Feature 2673: 1.303718
Feature 2674: 2.290745
Feature 2675: 3.115509
Feature 2676: 16.155584
Feature 2677: 15.185922
Feature 2678: 9.051002
Feature 2679: 2.698953
Feature 2680: 2.623242
Feature 2681: 6.132960
Feature 2682: 10.019952
Feature 2683: 0.584642
Feature 2684: 0.131583
Feature 2685: 0.817155
Feature 2686: 0.817938
Feature 2687: 0.077253
Feature 2688: 0.131583
Feature 2689: 0.077253
Feature 2690: 0.417673
Feature 2691: 0.167528
Feature 2692: 0.160126
Feature 2693: 0.131583
Feature 2694: 4.066667
Feature 2695: 0.258054
Feature 2696: 0.991929
Feature 2697: 4.066667
Feature 2698: 0.131583
Feature 2699: 0.795212
Feature 2700: 2.055646
Feature 2701: 0.795212
Feature 2702: 0.077253
Feature 2703: 0.077253
Feature 2704: 2.273271
Feature 2705: 4.000000
Feature 2706: 0.562593
Feature 2707: 0.077253
Feature 2708: 0.498339
Feature 2709: 1.917133
Feature 2710: 4.353738
Feature 2711: 0.337641
Feature 2712: 0.154747
Feature 2713: 3.684201
Feature 2714: 0.077253
Feature 2715: 0.284443
Feature 2716: 15.441355
Feature 2717: 2.051310
Feature 2718: 1.343893
Feature 2719: 0.250952
Feature 2720: 4.555638
Feature 2721: 10.495155
Feature 2722: 11.726397
Feature 2723: 2.572170
Feature 2724: 2.396935
Feature 2725: 14.968957
Feature 2726: 2.444389
Feature 2727: 15.778811
Feature 2728: 8.498349
Feature 2729: 9.833898
Feature 2730: 6.715051
Feature 2731: 0.972858
Feature 2732: 0.734939
Feature 2733: 12.301742
Feature 2734: 9.253745
Feature 2735: 7.419375
Feature 2736: 10.579308
Feature 2737: 7.276202
Feature 2738: 8.067087
Feature 2739: 11.782988
Feature 2740: 4.729034
Feature 2741: 1.674276
Feature 2742: 1.363484
Feature 2743: 3.616568
Feature 2744: 0.728004
Feature 2745: 0.178938
Feature 2746: 0.118379
Feature 2747: 10.741160
Feature 2748: 6.148276
Feature 2749: 0.123720
Feature 2750: 25.760010
Feature 2751: 19.328375
Feature 2752: 2.754031
Feature 2753: 26.489236
Feature 2754: 3.959098
Feature 2755: 0.443949
Feature 2756: 11.485196
Feature 2757: 19.329771
Feature 2758: 10.086819
Feature 2759: 10.390218
Feature 2760: 10.911964
Feature 2761: 7.607533
Feature 2762: 8.292855
Feature 2763: 8.199057
Feature 2764: 0.420913
Feature 2765: 0.191575
Feature 2766: 9.427315
Feature 2767: 9.474553
Feature 2768: 6.951192
Feature 2769: 7.409302
Feature 2770: 5.866177
Feature 2771: 0.126320
Feature 2772: 8.192791
Feature 2773: 9.296323
Feature 2774: 0.447258
Feature 2775: 9.578875
Feature 2776: 0.136107
Feature 2777: 2.074670
Feature 2778: 0.150430
Feature 2779: 9.360985
Feature 2780: 13.714092
Feature 2781: 23.439730
Feature 2782: 8.565339
Feature 2783: 10.169587
Feature 2784: 9.689717
Feature 2785: 9.778366
Feature 2786: 8.270662
Feature 2787: 4.000000
Feature 2788: 11.018362
Feature 2789: 7.765829
Feature 2790: 2.669692
Feature 2791: 2.133583
Feature 2792: 0.873938
Feature 2793: 8.464933
Feature 2794: 10.297515
Feature 2795: 0.136605
Feature 2796: 4.000000
Feature 2797: 0.130310
Feature 2798: 3.370012
Feature 2799: 4.555838
Feature 2800: 2.256094
Feature 2801: 9.845252
Feature 2802: 11.368812
Feature 2803: 2.356440
Feature 2804: 5.333116
Feature 2805: 16.473242
Feature 2806: 2.459154
Feature 2807: 2.884162
Feature 2808: 10.102233
Feature 2809: 10.383708
Feature 2810: 2.083732
Feature 2811: 8.270480
Feature 2812: 5.123428
Feature 2813: 2.492093
Feature 2814: 7.373464
Feature 2815: 0.109024
Feature 2816: 17.589726
Feature 2817: 13.315628
Feature 2818: 21.786404
Feature 2819: 29.254428
Feature 2820: 18.687120
Feature 2821: 0.845210
Feature 2822: 15.837929
Feature 2823: 0.927232
Feature 2824: 12.270958
Feature 2825: 24.180691
Feature 2826: 9.486349
Feature 2827: 11.422373
Feature 2828: 2.151751
Feature 2829: 2.822613
Feature 2830: 0.806199
Feature 2831: 9.153219
Feature 2832: 8.083124
Feature 2833: 8.739650
Feature 2834: 1.890451
Feature 2835: 2.421401
Feature 2836: 4.124332
Feature 2837: 2.681469
Feature 2838: 1.833786
Feature 2839: 1.504978
Feature 2840: 1.031338
Feature 2841: 3.806709
Feature 2842: 4.070472
Feature 2843: 0.831398
Feature 2844: 4.673049
Feature 2845: 3.216711
Feature 2846: 3.025017
Feature 2847: 0.981824
Feature 2848: 2.864501
Feature 2849: 2.547734
Feature 2850: 1.085580
Feature 2851: 23.651390
Feature 2852: 2.861194
Feature 2853: 6.046503
Feature 2854: 2.555588
Feature 2855: 3.398888
Feature 2856: 6.028851
Feature 2857: 5.848622
Feature 2858: 3.063208
Feature 2859: 8.287319
Feature 2860: 5.370662
Feature 2861: 4.810961
Feature 2862: 2.007291
Feature 2863: 3.343255
Feature 2864: 26.131721
Feature 2865: 2.394203
Feature 2866: 33.181397
Feature 2867: 7.182699
Feature 2868: 9.095665
Feature 2869: 7.349156
Feature 2870: 33.800373
Feature 2871: 20.736623
Feature 2872: 24.991076
Feature 2873: 3.431742
Feature 2874: 6.213173
Feature 2875: 2.644965
Feature 2876: 2.048304
Feature 2877: 3.745666
Feature 2878: 0.547024
Feature 2879: 2.448810
Feature 2880: 7.068427
Feature 2881: 4.425369
Feature 2882: 1.980323
Feature 2883: 12.756469
Feature 2884: 16.612988
Feature 2885: 6.803799
Feature 2886: 4.574573
Feature 2887: 4.734336
Feature 2888: 4.708261
Feature 2889: 1.868473
Feature 2890: 3.791368
Feature 2891: 5.851513
Feature 2892: 14.703018
Feature 2893: 14.029227
Feature 2894: 4.529995
Feature 2895: 17.598870
Feature 2896: 13.628032
Feature 2897: 0.077253
Feature 2898: 1.091896
Feature 2899: 0.806199
Feature 2900: 0.794548
Feature 2901: 1.186099
Feature 2902: 0.981824
Feature 2903: 2.421401
Feature 2904: 3.370012
Feature 2905: 0.944459
Feature 2906: 0.912988
Feature 2907: 0.471582
Feature 2908: 0.817938
Feature 2909: 0.795212
Feature 2910: 0.140073
Feature 2911: 0.804558
Feature 2912: 0.806645
Feature 2913: 0.131583
Feature 2914: 0.604383
Feature 2915: 0.322807
Feature 2916: 0.622755
Feature 2917: 0.870228
Feature 2918: 0.981824
Feature 2919: 1.322194
Feature 2920: 4.066667
Feature 2921: 4.988234
Feature 2922: 0.077253
Feature 2923: 0.802946
Feature 2924: 0.806199
Feature 2925: 0.077253
Feature 2926: 7.180149
Feature 2927: 2.181799
Feature 2928: 1.285405
Feature 2929: 2.907817
Feature 2930: 0.402286
Feature 2931: 4.838782
Feature 2932: 6.062693
Feature 2933: 0.077253
Feature 2934: 11.313840
Feature 2935: 1.969207
Feature 2936: 2.777437
Feature 2937: 2.794448
Feature 2938: 1.821713
Feature 2939: 2.628193
Feature 2940: 2.871603
Feature 2941: 3.534708
Feature 2942: 4.187334
Feature 2943: 7.619045
Feature 2944: 0.200424
Feature 2945: 1.633787
Feature 2946: 1.501126
Feature 2947: 0.725801
Feature 2948: 5.436219
Feature 2949: 3.331662
Feature 2950: 0.243201
Feature 2951: 7.975052
Feature 2952: 0.348790
Feature 2953: 1.990821
Feature 2954: 4.441479
Feature 2955: 5.484062
Feature 2956: 0.445349
Feature 2957: 0.659696
Feature 2958: 2.222384
Feature 2959: 9.948524
Feature 2960: 1.436701
Feature 2961: 3.472657
Feature 2962: 6.759624
Feature 2963: 0.884698
Feature 2964: 2.539023
Feature 2965: 2.573252
Feature 2966: 0.273517
Feature 2967: 2.995930
Feature 2968: 0.712044
Feature 2969: 0.555561
Feature 2970: 0.667824
Feature 2971: 1.557891
Feature 2972: 0.859335
Feature 2973: 0.625161
Feature 2974: 3.432989
Feature 2975: 0.756919
Feature 2976: 0.887584
Feature 2977: 1.421930
Feature 2978: 1.160645
Feature 2979: 1.896685
Feature 2980: 4.772751
Feature 2981: 4.214809
Feature 2982: 0.507418
Feature 2983: 0.820153
Feature 2984: 0.369831
Feature 2985: 0.538577
Feature 2986: 0.417703
Feature 2987: 4.884239
Feature 2988: 4.172945
Feature 2989: 4.215635
Feature 2990: 13.050839
Feature 2991: 4.547046
Feature 2992: 0.374925
Feature 2993: 10.889642
Feature 2994: 20.337499
Feature 2995: 12.755583
Feature 2996: 11.671220
Feature 2997: 11.905472
Feature 2998: 8.264847
Feature 2999: 0.165767
Feature 3000: 11.124858
Feature 3001: 4.529658
Feature 3002: 4.320014
Feature 3003: 5.641362
Feature 3004: 3.805854
Feature 3005: 0.516513
Feature 3006: 4.801178
Feature 3007: 4.566328
Feature 3008: 5.931528
Feature 3009: 4.047591
Feature 3010: 4.269245
Feature 3011: 0.729458
Feature 3012: 6.257956
Feature 3013: 6.616110
Feature 3014: 1.807031
Feature 3015: 0.258054
Feature 3016: 12.356659
Feature 3017: 0.403260
Feature 3018: 0.683863
Feature 3019: 13.049721
Feature 3020: 0.432397
Feature 3021: 2.064839
Feature 3022: 0.409916
Feature 3023: 0.418349
Feature 3024: 0.890253
Feature 3025: 13.701367
Feature 3026: 13.421105
Feature 3027: 8.599508
Feature 3028: 13.422492
Feature 3029: 13.596080
Feature 3030: 17.177916
Feature 3031: 19.376053
Feature 3032: 12.735388
Feature 3033: 12.231739
Feature 3034: 11.332543
Feature 3035: 10.756948
Feature 3036: 18.224537
Feature 3037: 9.110952
Feature 3038: 3.449969
Feature 3039: 10.792998
Feature 3040: 8.479892
Feature 3041: 2.807702
Feature 3042: 12.309522
Feature 3043: 10.309239
Feature 3044: 11.384782
Feature 3045: 8.698571
Feature 3046: 12.774111
Feature 3047: 11.500159
Feature 3048: 8.352124
Feature 3049: 9.938207
Feature 3050: 10.645068
Feature 3051: 5.192371
Feature 3052: 9.253213
Feature 3053: 11.615874
Feature 3054: 25.240394
Feature 3055: 26.648935
Feature 3056: 20.382763
Feature 3057: 23.039188
Feature 3058: 18.924158
Feature 3059: 2.033601
Feature 3060: 25.594472
Feature 3061: 27.042902
Feature 3062: 12.615562
Feature 3063: 10.412778
Feature 3064: 13.555273
Feature 3065: 6.807089
Feature 3066: 3.768394
Feature 3067: 14.876774
Feature 3068: 2.780303
Feature 3069: 5.482974
Feature 3070: 0.806199
Feature 3071: 5.286679
Feature 3072: 0.753086
Feature 3073: -1.196078
Feature 3074: 1.039966
Feature 3075: 9.037037
Feature 3076: -1.487805
Feature 3077: 5.972747
Feature 3078: 0.417703
Feature 3079: -0.000000
Feature 3080: 6.249175
Feature 3081: 2.985554
Feature 3082: 4.127814
Feature 3083: 12.013769
Feature 3084: 21.025961
Feature 3085: 0.251341
Feature 3086: 2.421401
Feature 3087: 0.077253
Feature 3088: 0.257880
Feature 3089: 3.689401
Feature 3090: 2.150018
Feature 3091: 0.176532
Feature 3092: 0.547124
Feature 3093: 1.585096
Feature 3094: 16.059155
Feature 3095: 1.167164
Feature 3096: 1.020687
Feature 3097: 3.740944
Feature 3098: 2.278769
Feature 3099: 14.819979
Feature 3100: 9.842106
Feature 3101: 3.478365
Feature 3102: 0.244435
Feature 3103: 7.149033
Feature 3104: 11.158864
Feature 3105: 2.995749
Feature 3106: 9.284275
Feature 3107: 3.741135
Feature 3108: 3.764522
Feature 3109: 3.837595
Feature 3110: 3.000070
Feature 3111: 0.297467
Feature 3112: 6.217247
Feature 3113: 4.402425
Feature 3114: 0.655619
Feature 3115: 0.198261
Feature 3116: 0.098941
Feature 3117: 4.252361
Feature 3118: 4.092308
Feature 3119: 4.931648
Feature 3120: 0.806199
Feature 3121: 5.284321
Feature 3122: 3.654878
Feature 3123: 2.662180
Feature 3124: 4.866589
Feature 3125: 0.534170
Feature 3126: 1.481926
Feature 3127: 1.016268
Feature 3128: 0.761856
Feature 3129: 1.934734
Feature 3130: 0.308820
Feature 3131: 4.298788
Feature 3132: 1.808077
Feature 3133: 0.994125
Feature 3134: 2.219075
Feature 3135: 3.180115
Feature 3136: 0.186557
Feature 3137: 0.259837
Feature 3138: 1.794533
Feature 3139: 3.210517
Feature 3140: 0.251341
Feature 3141: 4.462093
Feature 3142: 4.905328
Feature 3143: 2.263429
Feature 3144: 0.282623
Feature 3145: 0.363199
Feature 3146: 4.554107
Feature 3147: 0.164821
Feature 3148: 0.077253
Feature 3149: 0.131583
Feature 3150: 4.000000
Feature 3151: 0.250148
Feature 3152: 0.288351
Feature 3153: 0.182704
Feature 3154: 0.198261
Feature 3155: 2.557049
Feature 3156: 2.680625
Feature 3157: 12.654851
Feature 3158: 1.266770
Feature 3159: 17.198709
Feature 3160: 0.362282
Feature 3161: 0.526286
Feature 3162: 32.244899
Feature 3163: 19.350755
Feature 3164: 0.131583
Feature 3165: 2.528841
Feature 3166: 4.264593
Feature 3167: 3.478223
Feature 3168: 1.789487
Feature 3169: 0.616690
Feature 3170: 0.349842
Feature 3171: 0.131583
Feature 3172: 11.836675
Feature 3173: 5.310154
Feature 3174: 4.020137
Feature 3175: 2.216503
Feature 3176: 5.887684
Feature 3177: 6.936052
Feature 3178: 4.298015
Feature 3179: 7.080570
Feature 3180: 1.965179
Feature 3181: 6.737315
Feature 3182: 5.023608
Feature 3183: 5.508913
Feature 3184: 2.751514
Feature 3185: 1.963311
Feature 3186: 10.457698
Feature 3187: 0.850084
Feature 3188: 5.117295
Feature 3189: 14.289536
Feature 3190: 1.085359
Feature 3191: 2.021514
Feature 3192: 1.225684
Feature 3193: 8.986263
Feature 3194: 5.363376
Feature 3195: 6.121232
Feature 3196: 2.968184
Feature 3197: 3.141631
Feature 3198: 0.201832
Feature 3199: 2.157336
Feature 3200: 0.741784
Feature 3201: 1.078521
Feature 3202: 10.166667
Feature 3203: 0.285287
Feature 3204: 0.620517
Feature 3205: 0.077253
Feature 3206: 0.806199
Feature 3207: 1.409376
Feature 3208: 0.416228
Feature 3209: 0.736057
Feature 3210: 4.000000
Feature 3211: 1.739212
Feature 3212: 0.258054
Feature 3213: 1.610416
Feature 3214: 16.512912
Feature 3215: 1.372184
Feature 3216: 2.421401
Feature 3217: 0.725227
Feature 3218: 2.421401
Feature 3219: 4.118201
Feature 3220: 4.000000
Feature 3221: 2.074551
Feature 3222: 0.098941
Feature 3223: 8.451236
Feature 3224: 7.788124
Feature 3225: 7.702154
Feature 3226: 1.808531
Feature 3227: 4.065683
Feature 3228: 2.989207
Feature 3229: 2.428314
Feature 3230: 2.019465
Feature 3231: 1.903377
Feature 3232: 6.548473
Feature 3233: 4.220102
Feature 3234: 8.145812
Feature 3235: 4.798018
Feature 3236: 1.543034
Feature 3237: 3.548113
Feature 3238: 20.024154
Feature 3239: 0.804736
Feature 3240: 1.566508
Feature 3241: 1.917083
Feature 3242: 1.803031
Feature 3243: 18.715944
Feature 3244: 4.428089
Feature 3245: 20.111069
Feature 3246: 4.773997
Feature 3247: 3.208061
Feature 3248: 3.468185
Feature 3249: 7.341994
Feature 3250: 20.142956
Feature 3251: 15.850281
Feature 3252: 13.860065
Feature 3253: 14.987936
Feature 3254: 2.352013
Feature 3255: 14.127021
Feature 3256: 7.788734
Feature 3257: 7.634850
Feature 3258: 13.940710
Feature 3259: 14.508286
Feature 3260: 16.438250
Feature 3261: 15.780253
Feature 3262: 13.900670
Feature 3263: 0.512221
Feature 3264: 15.725223
Feature 3265: 11.573706
Feature 3266: 14.222739
Feature 3267: 16.716902
Feature 3268: 14.751639
Feature 3269: 14.293638
Feature 3270: 12.185735
Feature 3271: 14.763065
Feature 3272: 14.473540
Feature 3273: 15.599378
Feature 3274: 14.186441
Feature 3275: 11.974904
Feature 3276: 15.955571
Feature 3277: 0.731003
Feature 3278: 15.311102
Feature 3279: 7.096766
Feature 3280: 12.577150
Feature 3281: 12.509745
Feature 3282: 8.966769
Feature 3283: 10.010338
Feature 3284: 14.823136
Feature 3285: 0.098941
Feature 3286: 15.022247
Feature 3287: 5.770767
Feature 3288: 14.788140
Feature 3289: 14.501639
Feature 3290: 14.051067
Feature 3291: 15.234263
Feature 3292: 0.730414
Feature 3293: 15.608377
Feature 3294: 12.814695
Feature 3295: 0.327906
Feature 3296: 0.074350
Feature 3297: 1.495824
Feature 3298: 9.300692
Feature 3299: 7.437392
Feature 3300: 15.370908
Feature 3301: 14.608384
Feature 3302: 16.147179
Feature 3303: 0.607043
Feature 3304: 8.031480
Feature 3305: 12.557567
Feature 3306: 16.007564
Feature 3307: 5.717105
Feature 3308: 16.331746
Feature 3309: 16.099237
Feature 3310: 12.868822
Feature 3311: 15.077243
Feature 3312: 16.014997
Feature 3313: 12.279205
Feature 3314: 15.667647
Feature 3315: 14.431237
Feature 3316: 12.999947
Feature 3317: 14.324478
Feature 3318: 15.902809
Feature 3319: 13.510101
Feature 3320: 13.828788
Feature 3321: 12.917057
Feature 3322: 0.258054
Feature 3323: 15.120463
Feature 3324: 15.884715
Feature 3325: 16.154215
Feature 3326: 4.000000
Feature 3327: 2.218839
Feature 3328: 0.806199
Feature 3329: 7.712101
Feature 3330: 6.256993
Feature 3331: 13.121994
Feature 3332: 7.230837
Feature 3333: 1.218225
Feature 3334: 7.335075
Feature 3335: 12.651699
Feature 3336: 1.774091
Feature 3337: 0.131583
Feature 3338: 16.868710
Feature 3339: 0.258054
Feature 3340: 5.886232
Feature 3341: 2.010425
Feature 3342: 0.876863
Feature 3343: 0.341857
Feature 3344: 0.154993
Feature 3345: 0.147433
Feature 3346: 0.265276
Feature 3347: 9.046129
Feature 3348: 0.886383
Feature 3349: 4.095187
Feature 3350: 2.164738
Feature 3351: 2.421401
Feature 3352: 2.562875
Feature 3353: 10.166667
Feature 3354: 2.421401
Feature 3355: 4.066667
Feature 3356: 0.462836
Feature 3357: 4.066667
Feature 3358: 0.132512
Feature 3359: 3.840552
Feature 3360: 1.249880
Feature 3361: 0.749031
Feature 3362: 0.077253
Feature 3363: 0.725801
Feature 3364: 0.123720
Feature 3365: 0.199138
Feature 3366: 0.077253
Feature 3367: 2.923974
Feature 3368: 1.181865
Feature 3369: 2.376440
Feature 3370: 1.351955
Feature 3371: 3.414979
Feature 3372: 1.801224
Feature 3373: 1.779351
Feature 3374: 1.050042
Feature 3375: 0.832995
Feature 3376: 1.646908
Feature 3377: 0.500692
Feature 3378: 4.307979
Feature 3379: 1.440704
Feature 3380: 2.834732
Feature 3381: 3.518201
Feature 3382: 1.213432
Feature 3383: 0.497586
Feature 3384: 0.548468
Feature 3385: 1.219494
Feature 3386: 0.274383
Feature 3387: 1.277079
Feature 3388: 3.659627
Feature 3389: 13.308638
Feature 3390: 1.331430
Feature 3391: 9.055208
Feature 3392: 4.321290
Feature 3393: 2.680756
Feature 3394: 0.832511
Feature 3395: 6.287016
Feature 3396: 0.096526
Feature 3397: 2.195497
Feature 3398: 2.826173
Feature 3399: 2.768568
Feature 3400: 2.382277
Feature 3401: 3.294349
Feature 3402: 1.120005
Feature 3403: 3.043924
Feature 3404: 4.135732
Feature 3405: 8.661900
Feature 3406: 5.377015
Feature 3407: 18.650677
Feature 3408: 3.616588
Feature 3409: 8.217644
Feature 3410: 10.184243
Feature 3411: 3.140705
Feature 3412: 12.338150
Feature 3413: 2.927056
Feature 3414: 5.299116
Feature 3415: 0.892865
Feature 3416: 2.157289
Feature 3417: 1.788929
Feature 3418: 4.854977
Feature 3419: 0.844157
Feature 3420: 6.405255
Feature 3421: 0.794333
Feature 3422: 10.889619
Feature 3423: 12.503056
Feature 3424: 20.309489
Feature 3425: 2.783770
Feature 3426: 3.460579
Feature 3427: 10.669875
Feature 3428: 6.745994
Feature 3429: 3.904649
Feature 3430: 9.192922
Feature 3431: 16.076562
Feature 3432: 0.347180
Feature 3433: 0.077253
Feature 3434: 0.109133
Feature 3435: 6.757907
Feature 3436: 3.056288
Feature 3437: 3.761456
Feature 3438: 4.592801
Feature 3439: 20.090406
Feature 3440: 1.399670
Feature 3441: 3.878262
Feature 3442: 4.278093
Feature 3443: 5.832599
Feature 3444: 2.623285
Feature 3445: 0.471957
Feature 3446: 0.077253
Feature 3447: 13.913229
Feature 3448: 3.626968
Feature 3449: 0.655005
Feature 3450: 3.834237
Feature 3451: 13.139467
Feature 3452: 13.039823
Feature 3453: 13.752664
Feature 3454: 13.950152
Feature 3455: 12.857703
Feature 3456: 15.964956
Feature 3457: 6.088115
Feature 3458: 8.794717
Feature 3459: 13.508563
Feature 3460: 13.348375
Feature 3461: 15.460102
Feature 3462: 5.169856
Feature 3463: 0.264245
Feature 3464: 2.754031
Feature 3465: 28.993755
Feature 3466: 14.294031
Feature 3467: 4.000000
Feature 3468: 14.912445
Feature 3469: 11.629106
Feature 3470: 3.669071
Feature 3471: 4.066667
Feature 3472: 3.203192
Feature 3473: 4.673049
Feature 3474: 0.288926
Feature 3475: 0.892298
Feature 3476: 2.472449
Feature 3477: 2.505413
Feature 3478: 5.859462
Feature 3479: 2.198616
Feature 3480: 2.133499
Feature 3481: 4.029503
Feature 3482: 1.862182
Feature 3483: 0.258054
Feature 3484: 0.277822
Feature 3485: 2.799319
Feature 3486: 3.447261
Feature 3487: 3.496761
Feature 3488: 5.285410
Feature 3489: 5.832556
Feature 3490: 11.069593
Feature 3491: 0.170866
Feature 3492: 0.694803
Feature 3493: 6.399491
Feature 3494: 4.432833
Feature 3495: 0.421629
Feature 3496: 2.748142
Feature 3497: 4.405870
Feature 3498: 6.787736
Feature 3499: 2.096134
Feature 3500: 2.790358
Feature 3501: 1.666853
Feature 3502: 1.340388
Feature 3503: 0.770803
Feature 3504: 1.009192
Feature 3505: 12.660468
Feature 3506: 26.903346
Feature 3507: 28.271042
Feature 3508: 31.540826
Feature 3509: 4.172718
Feature 3510: 3.336545
Feature 3511: 28.105287
Feature 3512: 4.124675
Feature 3513: 5.926020
Feature 3514: 16.953620
Feature 3515: 0.525587
Feature 3516: 0.581594
Feature 3517: 0.518690
Feature 3518: 0.356114
Feature 3519: 0.525066
Feature 3520: 8.930622
Feature 3521: 0.415413
Feature 3522: 1.150576
Feature 3523: 3.573561
Feature 3524: 0.808699
Feature 3525: 0.499137
Feature 3526: 0.379775
Feature 3527: 0.418843
Feature 3528: 0.548073
Feature 3529: 0.497133
Feature 3530: 0.449589
Feature 3531: 0.517787
Feature 3532: 0.635935
Feature 3533: 0.258054
Feature 3534: 0.325484
Feature 3535: 0.320841
Feature 3536: 0.223142
Feature 3537: 0.294026
Feature 3538: 0.353809
Feature 3539: 4.066667
Feature 3540: 0.141066
Feature 3541: 0.373825
Feature 3542: 0.328962
Feature 3543: 1.040841
Feature 3544: 0.365571
Feature 3545: 0.339723
Feature 3546: 0.364037
Feature 3547: 0.418526
Feature 3548: 0.415068
Feature 3549: 0.394074
Feature 3550: 4.476821
Feature 3551: 0.470060
Feature 3552: 0.436524
Feature 3553: 0.550081
Feature 3554: 0.595583
Feature 3555: 0.403052
Feature 3556: 0.311609
Feature 3557: 0.181701
Feature 3558: 0.292307
Feature 3559: 0.668462
Feature 3560: 2.034633
Feature 3561: 1.409785
Feature 3562: 1.464013
Feature 3563: 0.641928
Feature 3564: 0.891691
Feature 3565: 2.851561
Feature 3566: 26.348008
Feature 3567: 9.826032
Feature 3568: 0.423327
Feature 3569: 2.316539
Feature 3570: 0.853382
Feature 3571: 2.465465
Feature 3572: 1.128603
Feature 3573: 0.655906
Feature 3574: 0.289715
Feature 3575: 0.332630
Feature 3576: 0.620616
Feature 3577: 2.564921
Feature 3578: 17.000994
Feature 3579: 4.308535
Feature 3580: 1.744765
Feature 3581: 2.348571
Feature 3582: 4.911062
Feature 3583: 0.244110
Feature 3584: 0.142684
Feature 3585: 0.168767
Feature 3586: 0.097446
Feature 3587: 0.933215
Feature 3588: 1.536189
Feature 3589: 8.439345
Feature 3590: 4.128843
Feature 3591: 4.780375
Feature 3592: 1.173386
Feature 3593: 3.248320
Feature 3594: 2.542083
Feature 3595: 0.999089
Feature 3596: 8.789135
Feature 3597: 2.277359
Feature 3598: 1.064946
Feature 3599: 1.516764
Feature 3600: 7.419122
Feature 3601: 7.232538
Feature 3602: 0.315579
Feature 3603: 7.074070
Feature 3604: 12.716936
Feature 3605: 12.317549
Feature 3606: 5.035030
Feature 3607: -4.880000
Feature 3608: 2.324601
Feature 3609: 5.825197
Feature 3610: 10.906399
Feature 3611: 9.192835
Feature 3612: 6.970556
Feature 3613: 8.468451
Feature 3614: 4.918968
Feature 3615: 7.991886
Feature 3616: 0.258054
Feature 3617: 0.268327
Feature 3618: 7.289586
Feature 3619: 4.404792
Feature 3620: 4.513193
Feature 3621: 5.516769
Feature 3622: 7.291989
Feature 3623: 9.004096
Feature 3624: 0.991568
Feature 3625: 1.581351
Feature 3626: 0.390574
Feature 3627: 0.382996
Feature 3628: 0.596235
Feature 3629: 7.876795
Feature 3630: 6.769547
Feature 3631: 6.343071
Feature 3632: 4.573158
Feature 3633: 2.958665
Feature 3634: 5.549518
Feature 3635: 2.103788
Feature 3636: 5.747995
Feature 3637: 5.992080
Feature 3638: 4.239229
Feature 3639: 2.049281
Feature 3640: 2.635280
Feature 3641: 4.827523
Feature 3642: 2.548246
Feature 3643: 10.958994
Feature 3644: 8.049077
Feature 3645: 2.530600
Feature 3646: 6.417539
Feature 3647: 12.079815
Feature 3648: 2.046773
Feature 3649: 1.374972
Feature 3650: 4.037342
Feature 3651: 2.020207
Feature 3652: 3.186302
Feature 3653: 4.405743
Feature 3654: 26.374649
Feature 3655: 9.881153
Feature 3656: 3.088608
Feature 3657: 0.853570
Feature 3658: 6.254779
Feature 3659: 1.043133
Feature 3660: 31.422842
Feature 3661: 0.282924
Feature 3662: 16.280867
Feature 3663: 2.807772
Feature 3664: 2.745376
Feature 3665: 1.935064
Feature 3666: 7.096639
Feature 3667: 7.735980
Feature 3668: 1.005533
