Cities with less than 5 observations: ['newcastle', 'belfast', 'eden', 'islington', 'tsuruoka', 'jaywick', 'neg_control', 'sao paulo', 'fukuoka', 'kensington', 'bradford', 'pos_control', 'bristol', 'st_louis', 'cairngorm', 'other']
/sw/easybuild_milan/software/Anaconda3/2024.02-1/lib/python3.11/site-packages/sklearn/linear_model/_sag.py:350: ConvergenceWarning: The max_iter was reached which means the coef_ did not converge
  warnings.warn(
/sw/easybuild_milan/software/Anaconda3/2024.02-1/lib/python3.11/site-packages/sklearn/linear_model/_sag.py:350: ConvergenceWarning: The max_iter was reached which means the coef_ did not converge
  warnings.warn(
/sw/easybuild_milan/software/Anaconda3/2024.02-1/lib/python3.11/site-packages/sklearn/linear_model/_sag.py:350: ConvergenceWarning: The max_iter was reached which means the coef_ did not converge
  warnings.warn(
/sw/easybuild_milan/software/Anaconda3/2024.02-1/lib/python3.11/site-packages/sklearn/linear_model/_sag.py:350: ConvergenceWarning: The max_iter was reached which means the coef_ did not converge
  warnings.warn(
/sw/easybuild_milan/software/Anaconda3/2024.02-1/lib/python3.11/site-packages/sklearn/linear_model/_sag.py:350: ConvergenceWarning: The max_iter was reached which means the coef_ did not converge
  warnings.warn(
/sw/easybuild_milan/software/Anaconda3/2024.02-1/lib/python3.11/site-packages/sklearn/linear_model/_sag.py:350: ConvergenceWarning: The max_iter was reached which means the coef_ did not converge
  warnings.warn(
/sw/easybuild_milan/software/Anaconda3/2024.02-1/lib/python3.11/site-packages/sklearn/linear_model/_sag.py:350: ConvergenceWarning: The max_iter was reached which means the coef_ did not converge
  warnings.warn(
/sw/easybuild_milan/software/Anaconda3/2024.02-1/lib/python3.11/site-packages/sklearn/linear_model/_sag.py:350: ConvergenceWarning: The max_iter was reached which means the coef_ did not converge
  warnings.warn(
/sw/easybuild_milan/software/Anaconda3/2024.02-1/lib/python3.11/site-packages/sklearn/linear_model/_sag.py:350: ConvergenceWarning: The max_iter was reached which means the coef_ did not converge
  warnings.warn(
/sw/easybuild_milan/software/Anaconda3/2024.02-1/lib/python3.11/site-packages/sklearn/linear_model/_sag.py:350: ConvergenceWarning: The max_iter was reached which means the coef_ did not converge
  warnings.warn(
/sw/easybuild_milan/software/Anaconda3/2024.02-1/lib/python3.11/site-packages/sklearn/linear_model/_sag.py:350: ConvergenceWarning: The max_iter was reached which means the coef_ did not converge
  warnings.warn(
/sw/easybuild_milan/software/Anaconda3/2024.02-1/lib/python3.11/site-packages/sklearn/linear_model/_sag.py:350: ConvergenceWarning: The max_iter was reached which means the coef_ did not converge
  warnings.warn(
/sw/easybuild_milan/software/Anaconda3/2024.02-1/lib/python3.11/site-packages/sklearn/linear_model/_sag.py:350: ConvergenceWarning: The max_iter was reached which means the coef_ did not converge
  warnings.warn(
/sw/easybuild_milan/software/Anaconda3/2024.02-1/lib/python3.11/site-packages/sklearn/linear_model/_sag.py:350: ConvergenceWarning: The max_iter was reached which means the coef_ did not converge
  warnings.warn(
/sw/easybuild_milan/software/Anaconda3/2024.02-1/lib/python3.11/site-packages/sklearn/linear_model/_sag.py:350: ConvergenceWarning: The max_iter was reached which means the coef_ did not converge
  warnings.warn(
/sw/easybuild_milan/software/Anaconda3/2024.02-1/lib/python3.11/site-packages/sklearn/linear_model/_sag.py:350: ConvergenceWarning: The max_iter was reached which means the coef_ did not converge
  warnings.warn(
/sw/easybuild_milan/software/Anaconda3/2024.02-1/lib/python3.11/site-packages/sklearn/linear_model/_sag.py:350: ConvergenceWarning: The max_iter was reached which means the coef_ did not converge
  warnings.warn(
/sw/easybuild_milan/software/Anaconda3/2024.02-1/lib/python3.11/site-packages/sklearn/linear_model/_sag.py:350: ConvergenceWarning: The max_iter was reached which means the coef_ did not converge
  warnings.warn(
/sw/easybuild_milan/software/Anaconda3/2024.02-1/lib/python3.11/site-packages/sklearn/linear_model/_sag.py:350: ConvergenceWarning: The max_iter was reached which means the coef_ did not converge
  warnings.warn(
/sw/easybuild_milan/software/Anaconda3/2024.02-1/lib/python3.11/site-packages/sklearn/linear_model/_sag.py:350: ConvergenceWarning: The max_iter was reached which means the coef_ did not converge
  warnings.warn(
/sw/easybuild_milan/software/Anaconda3/2024.02-1/lib/python3.11/site-packages/sklearn/linear_model/_sag.py:350: ConvergenceWarning: The max_iter was reached which means the coef_ did not converge
  warnings.warn(
/sw/easybuild_milan/software/Anaconda3/2024.02-1/lib/python3.11/site-packages/sklearn/linear_model/_sag.py:350: ConvergenceWarning: The max_iter was reached which means the coef_ did not converge
  warnings.warn(
/sw/easybuild_milan/software/Anaconda3/2024.02-1/lib/python3.11/site-packages/sklearn/linear_model/_sag.py:350: ConvergenceWarning: The max_iter was reached which means the coef_ did not converge
  warnings.warn(
/sw/easybuild_milan/software/Anaconda3/2024.02-1/lib/python3.11/site-packages/sklearn/linear_model/_sag.py:350: ConvergenceWarning: The max_iter was reached which means the coef_ did not converge
  warnings.warn(
/sw/easybuild_milan/software/Anaconda3/2024.02-1/lib/python3.11/site-packages/sklearn/linear_model/_sag.py:350: ConvergenceWarning: The max_iter was reached which means the coef_ did not converge
  warnings.warn(
/sw/easybuild_milan/software/Anaconda3/2024.02-1/lib/python3.11/site-packages/sklearn/linear_model/_sag.py:350: ConvergenceWarning: The max_iter was reached which means the coef_ did not converge
  warnings.warn(
/sw/easybuild_milan/software/Anaconda3/2024.02-1/lib/python3.11/site-packages/sklearn/linear_model/_sag.py:350: ConvergenceWarning: The max_iter was reached which means the coef_ did not converge
  warnings.warn(
/sw/easybuild_milan/software/Anaconda3/2024.02-1/lib/python3.11/site-packages/sklearn/linear_model/_sag.py:350: ConvergenceWarning: The max_iter was reached which means the coef_ did not converge
  warnings.warn(
/sw/easybuild_milan/software/Anaconda3/2024.02-1/lib/python3.11/site-packages/joblib/externals/loky/backend/resource_tracker.py:310: UserWarning: resource_tracker: There appear to be 1 leaked folder objects to clean up at shutdown
  warnings.warn(
/sw/easybuild_milan/software/Anaconda3/2024.02-1/lib/python3.11/site-packages/joblib/externals/loky/backend/resource_tracker.py:310: UserWarning: resource_tracker: There appear to be 5 leaked folder objects to clean up at shutdown
  warnings.warn(
/sw/easybuild_milan/software/Anaconda3/2024.02-1/lib/python3.11/site-packages/joblib/externals/loky/backend/resource_tracker.py:310: UserWarning: resource_tracker: There appear to be 5 leaked folder objects to clean up at shutdown
  warnings.warn(
/sw/easybuild_milan/software/Anaconda3/2024.02-1/lib/python3.11/site-packages/joblib/externals/loky/backend/resource_tracker.py:310: UserWarning: resource_tracker: There appear to be 1 leaked folder objects to clean up at shutdown
  warnings.warn(
/sw/easybuild_milan/software/Anaconda3/2024.02-1/lib/python3.11/site-packages/joblib/externals/loky/backend/resource_tracker.py:310: UserWarning: resource_tracker: There appear to be 1 leaked folder objects to clean up at shutdown
  warnings.warn(
Generation 5 completed with best fitness: 0.6528023598820059
Best predictors and accuracy saved to best_predictors.txt
/sw/easybuild_milan/software/Anaconda3/2024.02-1/lib/python3.11/site-packages/joblib/externals/loky/backend/resource_tracker.py:310: UserWarning: resource_tracker: There appear to be 1 leaked folder objects to clean up at shutdown
  warnings.warn(
